{"/home/dekode/Documents/email/src/middleware/validation.js": {"path":"/home/dekode/Documents/email/src/middleware/validation.js","statementMap":{"0":{"start":{"line":4,"column":29},"end":{"line":67,"column":1}},"1":{"start":{"line":5,"column":48},"end":{"line":5,"column":56}},"2":{"start":{"line":7,"column":17},"end":{"line":7,"column":19}},"3":{"start":{"line":9,"column":2},"end":{"line":19,"column":3}},"4":{"start":{"line":10,"column":4},"end":{"line":10,"column":42}},"5":{"start":{"line":11,"column":9},"end":{"line":19,"column":3}},"6":{"start":{"line":12,"column":4},"end":{"line":12,"column":47}},"7":{"start":{"line":15,"column":23},"end":{"line":15,"column":51}},"8":{"start":{"line":16,"column":4},"end":{"line":18,"column":5}},"9":{"start":{"line":17,"column":6},"end":{"line":17,"column":62}},"10":{"start":{"line":21,"column":2},"end":{"line":27,"column":3}},"11":{"start":{"line":22,"column":4},"end":{"line":22,"column":47}},"12":{"start":{"line":23,"column":9},"end":{"line":27,"column":3}},"13":{"start":{"line":24,"column":4},"end":{"line":24,"column":52}},"14":{"start":{"line":25,"column":9},"end":{"line":27,"column":3}},"15":{"start":{"line":26,"column":4},"end":{"line":26,"column":68}},"16":{"start":{"line":29,"column":2},"end":{"line":35,"column":3}},"17":{"start":{"line":30,"column":4},"end":{"line":30,"column":44}},"18":{"start":{"line":31,"column":9},"end":{"line":35,"column":3}},"19":{"start":{"line":32,"column":4},"end":{"line":32,"column":49}},"20":{"start":{"line":33,"column":9},"end":{"line":35,"column":3}},"21":{"start":{"line":34,"column":4},"end":{"line":34,"column":68}},"22":{"start":{"line":37,"column":2},"end":{"line":43,"column":3}},"23":{"start":{"line":38,"column":4},"end":{"line":38,"column":54}},"24":{"start":{"line":39,"column":9},"end":{"line":43,"column":3}},"25":{"start":{"line":40,"column":4},"end":{"line":40,"column":59}},"26":{"start":{"line":41,"column":9},"end":{"line":43,"column":3}},"27":{"start":{"line":42,"column":4},"end":{"line":42,"column":79}},"28":{"start":{"line":46,"column":2},"end":{"line":50,"column":3}},"29":{"start":{"line":47,"column":4},"end":{"line":49,"column":5}},"30":{"start":{"line":48,"column":6},"end":{"line":48,"column":72}},"31":{"start":{"line":52,"column":2},"end":{"line":56,"column":3}},"32":{"start":{"line":53,"column":4},"end":{"line":55,"column":5}},"33":{"start":{"line":54,"column":6},"end":{"line":54,"column":85}},"34":{"start":{"line":58,"column":2},"end":{"line":64,"column":3}},"35":{"start":{"line":59,"column":4},"end":{"line":63,"column":7}},"36":{"start":{"line":66,"column":2},"end":{"line":66,"column":9}},"37":{"start":{"line":72,"column":21},"end":{"line":111,"column":1}},"38":{"start":{"line":73,"column":2},"end":{"line":73,"column":40}},"39":{"start":{"line":76,"column":19},"end":{"line":76,"column":22}},"40":{"start":{"line":77,"column":17},"end":{"line":80,"column":3}},"41":{"start":{"line":83,"column":2},"end":{"line":103,"column":3}},"42":{"start":{"line":84,"column":4},"end":{"line":84,"column":21}},"43":{"start":{"line":85,"column":4},"end":{"line":88,"column":6}},"44":{"start":{"line":89,"column":9},"end":{"line":103,"column":3}},"45":{"start":{"line":90,"column":4},"end":{"line":90,"column":21}},"46":{"start":{"line":91,"column":4},"end":{"line":95,"column":6}},"47":{"start":{"line":96,"column":9},"end":{"line":103,"column":3}},"48":{"start":{"line":97,"column":4},"end":{"line":97,"column":21}},"49":{"start":{"line":98,"column":4},"end":{"line":102,"column":6}},"50":{"start":{"line":106,"column":2},"end":{"line":108,"column":3}},"51":{"start":{"line":107,"column":4},"end":{"line":107,"column":54}},"52":{"start":{"line":110,"column":2},"end":{"line":110,"column":40}},"53":{"start":{"line":116,"column":22},"end":{"line":133,"column":1}},"54":{"start":{"line":117,"column":16},"end":{"line":117,"column":26}},"55":{"start":{"line":120,"column":2},"end":{"line":124,"column":5}},"56":{"start":{"line":127,"column":2},"end":{"line":130,"column":5}},"57":{"start":{"line":128,"column":21},"end":{"line":128,"column":39}},"58":{"start":{"line":129,"column":4},"end":{"line":129,"column":111}},"59":{"start":{"line":132,"column":2},"end":{"line":132,"column":9}},"60":{"start":{"line":135,"column":0},"end":{"line":139,"column":2}}},"fnMap":{"0":{"name":"(anonymous_0)","decl":{"start":{"line":4,"column":29},"end":{"line":4,"column":30}},"loc":{"start":{"line":4,"column":49},"end":{"line":67,"column":1}},"line":4},"1":{"name":"(anonymous_1)","decl":{"start":{"line":72,"column":21},"end":{"line":72,"column":22}},"loc":{"start":{"line":72,"column":46},"end":{"line":111,"column":1}},"line":72},"2":{"name":"(anonymous_2)","decl":{"start":{"line":116,"column":22},"end":{"line":116,"column":23}},"loc":{"start":{"line":116,"column":42},"end":{"line":133,"column":1}},"line":116},"3":{"name":"(anonymous_3)","decl":{"start":{"line":127,"column":19},"end":{"line":127,"column":20}},"loc":{"start":{"line":127,"column":25},"end":{"line":130,"column":3}},"line":127}},"branchMap":{"0":{"loc":{"start":{"line":9,"column":2},"end":{"line":19,"column":3}},"type":"if","locations":[{"start":{"line":9,"column":2},"end":{"line":19,"column":3}},{"start":{"line":11,"column":9},"end":{"line":19,"column":3}}],"line":9},"1":{"loc":{"start":{"line":11,"column":9},"end":{"line":19,"column":3}},"type":"if","locations":[{"start":{"line":11,"column":9},"end":{"line":19,"column":3}},{"start":{"line":13,"column":9},"end":{"line":19,"column":3}}],"line":11},"2":{"loc":{"start":{"line":16,"column":4},"end":{"line":18,"column":5}},"type":"if","locations":[{"start":{"line":16,"column":4},"end":{"line":18,"column":5}},{"start":{},"end":{}}],"line":16},"3":{"loc":{"start":{"line":21,"column":2},"end":{"line":27,"column":3}},"type":"if","locations":[{"start":{"line":21,"column":2},"end":{"line":27,"column":3}},{"start":{"line":23,"column":9},"end":{"line":27,"column":3}}],"line":21},"4":{"loc":{"start":{"line":23,"column":9},"end":{"line":27,"column":3}},"type":"if","locations":[{"start":{"line":23,"column":9},"end":{"line":27,"column":3}},{"start":{"line":25,"column":9},"end":{"line":27,"column":3}}],"line":23},"5":{"loc":{"start":{"line":25,"column":9},"end":{"line":27,"column":3}},"type":"if","locations":[{"start":{"line":25,"column":9},"end":{"line":27,"column":3}},{"start":{},"end":{}}],"line":25},"6":{"loc":{"start":{"line":29,"column":2},"end":{"line":35,"column":3}},"type":"if","locations":[{"start":{"line":29,"column":2},"end":{"line":35,"column":3}},{"start":{"line":31,"column":9},"end":{"line":35,"column":3}}],"line":29},"7":{"loc":{"start":{"line":31,"column":9},"end":{"line":35,"column":3}},"type":"if","locations":[{"start":{"line":31,"column":9},"end":{"line":35,"column":3}},{"start":{"line":33,"column":9},"end":{"line":35,"column":3}}],"line":31},"8":{"loc":{"start":{"line":33,"column":9},"end":{"line":35,"column":3}},"type":"if","locations":[{"start":{"line":33,"column":9},"end":{"line":35,"column":3}},{"start":{},"end":{}}],"line":33},"9":{"loc":{"start":{"line":37,"column":2},"end":{"line":43,"column":3}},"type":"if","locations":[{"start":{"line":37,"column":2},"end":{"line":43,"column":3}},{"start":{"line":39,"column":9},"end":{"line":43,"column":3}}],"line":37},"10":{"loc":{"start":{"line":39,"column":9},"end":{"line":43,"column":3}},"type":"if","locations":[{"start":{"line":39,"column":9},"end":{"line":43,"column":3}},{"start":{"line":41,"column":9},"end":{"line":43,"column":3}}],"line":39},"11":{"loc":{"start":{"line":41,"column":9},"end":{"line":43,"column":3}},"type":"if","locations":[{"start":{"line":41,"column":9},"end":{"line":43,"column":3}},{"start":{},"end":{}}],"line":41},"12":{"loc":{"start":{"line":41,"column":13},"end":{"line":41,"column":69}},"type":"binary-expr","locations":[{"start":{"line":41,"column":13},"end":{"line":41,"column":38}},{"start":{"line":41,"column":42},"end":{"line":41,"column":69}}],"line":41},"13":{"loc":{"start":{"line":46,"column":2},"end":{"line":50,"column":3}},"type":"if","locations":[{"start":{"line":46,"column":2},"end":{"line":50,"column":3}},{"start":{},"end":{}}],"line":46},"14":{"loc":{"start":{"line":47,"column":4},"end":{"line":49,"column":5}},"type":"if","locations":[{"start":{"line":47,"column":4},"end":{"line":49,"column":5}},{"start":{},"end":{}}],"line":47},"15":{"loc":{"start":{"line":47,"column":8},"end":{"line":47,"column":96}},"type":"binary-expr","locations":[{"start":{"line":47,"column":8},"end":{"line":47,"column":45}},{"start":{"line":47,"column":49},"end":{"line":47,"column":70}},{"start":{"line":47,"column":74},"end":{"line":47,"column":96}}],"line":47},"16":{"loc":{"start":{"line":52,"column":2},"end":{"line":56,"column":3}},"type":"if","locations":[{"start":{"line":52,"column":2},"end":{"line":56,"column":3}},{"start":{},"end":{}}],"line":52},"17":{"loc":{"start":{"line":53,"column":4},"end":{"line":55,"column":5}},"type":"if","locations":[{"start":{"line":53,"column":4},"end":{"line":55,"column":5}},{"start":{},"end":{}}],"line":53},"18":{"loc":{"start":{"line":53,"column":8},"end":{"line":53,"column":91}},"type":"binary-expr","locations":[{"start":{"line":53,"column":8},"end":{"line":53,"column":42}},{"start":{"line":53,"column":46},"end":{"line":53,"column":64}},{"start":{"line":53,"column":68},"end":{"line":53,"column":91}}],"line":53},"19":{"loc":{"start":{"line":58,"column":2},"end":{"line":64,"column":3}},"type":"if","locations":[{"start":{"line":58,"column":2},"end":{"line":64,"column":3}},{"start":{},"end":{}}],"line":58},"20":{"loc":{"start":{"line":83,"column":2},"end":{"line":103,"column":3}},"type":"if","locations":[{"start":{"line":83,"column":2},"end":{"line":103,"column":3}},{"start":{"line":89,"column":9},"end":{"line":103,"column":3}}],"line":83},"21":{"loc":{"start":{"line":89,"column":9},"end":{"line":103,"column":3}},"type":"if","locations":[{"start":{"line":89,"column":9},"end":{"line":103,"column":3}},{"start":{"line":96,"column":9},"end":{"line":103,"column":3}}],"line":89},"22":{"loc":{"start":{"line":96,"column":9},"end":{"line":103,"column":3}},"type":"if","locations":[{"start":{"line":96,"column":9},"end":{"line":103,"column":3}},{"start":{},"end":{}}],"line":96},"23":{"loc":{"start":{"line":106,"column":2},"end":{"line":108,"column":3}},"type":"if","locations":[{"start":{"line":106,"column":2},"end":{"line":108,"column":3}},{"start":{},"end":{}}],"line":106},"24":{"loc":{"start":{"line":106,"column":6},"end":{"line":106,"column":41}},"type":"binary-expr","locations":[{"start":{"line":106,"column":6},"end":{"line":106,"column":14}},{"start":{"line":106,"column":18},"end":{"line":106,"column":41}}],"line":106},"25":{"loc":{"start":{"line":123,"column":20},"end":{"line":123,"column":66}},"type":"cond-expr","locations":[{"start":{"line":123,"column":31},"end":{"line":123,"column":54}},{"start":{"line":123,"column":57},"end":{"line":123,"column":66}}],"line":123}},"s":{"0":1,"1":18,"2":18,"3":18,"4":0,"5":18,"6":0,"7":18,"8":18,"9":1,"10":18,"11":0,"12":18,"13":0,"14":18,"15":0,"16":18,"17":1,"18":17,"19":0,"20":17,"21":0,"22":18,"23":1,"24":17,"25":0,"26":17,"27":0,"28":18,"29":1,"30":1,"31":18,"32":1,"33":1,"34":18,"35":4,"36":14,"37":1,"38":0,"39":0,"40":0,"41":0,"42":0,"43":0,"44":0,"45":0,"46":0,"47":0,"48":0,"49":0,"50":0,"51":0,"52":0,"53":1,"54":33,"55":33,"56":33,"57":33,"58":33,"59":33,"60":1},"f":{"0":18,"1":0,"2":33,"3":33},"b":{"0":[0,18],"1":[0,18],"2":[1,17],"3":[0,18],"4":[0,18],"5":[0,18],"6":[1,17],"7":[0,17],"8":[0,17],"9":[1,17],"10":[0,17],"11":[0,17],"12":[17,17],"13":[1,17],"14":[1,0],"15":[1,1,1],"16":[1,17],"17":[1,0],"18":[1,1,1],"19":[4,14],"20":[0,0],"21":[0,0],"22":[0,0],"23":[0,0],"24":[0,0],"25":[33,0]},"_coverageSchema":"1a1c01bbd47fc00a2c39e90264f33305004495a9","hash":"b90edd61c4301146457081e0d0510a60396efc2f"}
,"/home/dekode/Documents/email/src/providers/BaseEmailProvider.js": {"path":"/home/dekode/Documents/email/src/providers/BaseEmailProvider.js","statementMap":{"0":{"start":{"line":7,"column":4},"end":{"line":7,"column":21}},"1":{"start":{"line":8,"column":4},"end":{"line":13,"column":6}},"2":{"start":{"line":22,"column":4},"end":{"line":22,"column":72}},"3":{"start":{"line":30,"column":4},"end":{"line":30,"column":74}},"4":{"start":{"line":38,"column":20},"end":{"line":38,"column":110}},"5":{"start":{"line":39,"column":4},"end":{"line":39,"column":64}},"6":{"start":{"line":39,"column":34},"end":{"line":39,"column":62}},"7":{"start":{"line":47,"column":4},"end":{"line":47,"column":51}},"8":{"start":{"line":55,"column":4},"end":{"line":55,"column":97}},"9":{"start":{"line":59,"column":0},"end":{"line":59,"column":35}}},"fnMap":{"0":{"name":"(anonymous_0)","decl":{"start":{"line":6,"column":2},"end":{"line":6,"column":3}},"loc":{"start":{"line":6,"column":33},"end":{"line":14,"column":3}},"line":6},"1":{"name":"(anonymous_1)","decl":{"start":{"line":21,"column":2},"end":{"line":21,"column":3}},"loc":{"start":{"line":21,"column":29},"end":{"line":23,"column":3}},"line":21},"2":{"name":"(anonymous_2)","decl":{"start":{"line":29,"column":2},"end":{"line":29,"column":3}},"loc":{"start":{"line":29,"column":22},"end":{"line":31,"column":3}},"line":29},"3":{"name":"(anonymous_3)","decl":{"start":{"line":37,"column":2},"end":{"line":37,"column":3}},"loc":{"start":{"line":37,"column":27},"end":{"line":40,"column":3}},"line":37},"4":{"name":"(anonymous_4)","decl":{"start":{"line":39,"column":23},"end":{"line":39,"column":24}},"loc":{"start":{"line":39,"column":34},"end":{"line":39,"column":62}},"line":39},"5":{"name":"(anonymous_5)","decl":{"start":{"line":46,"column":2},"end":{"line":46,"column":3}},"loc":{"start":{"line":46,"column":19},"end":{"line":48,"column":3}},"line":46},"6":{"name":"(anonymous_6)","decl":{"start":{"line":54,"column":2},"end":{"line":54,"column":3}},"loc":{"start":{"line":54,"column":23},"end":{"line":56,"column":3}},"line":54}},"branchMap":{"0":{"loc":{"start":{"line":6,"column":20},"end":{"line":6,"column":31}},"type":"default-arg","locations":[{"start":{"line":6,"column":29},"end":{"line":6,"column":31}}],"line":6}},"s":{"0":44,"1":44,"2":0,"3":0,"4":24,"5":24,"6":24,"7":13,"8":10,"9":3},"f":{"0":44,"1":0,"2":0,"3":24,"4":24,"5":13,"6":10},"b":{"0":[0]},"_coverageSchema":"1a1c01bbd47fc00a2c39e90264f33305004495a9","hash":"0eb85ba47270db5a832e6e9dbb8943258061ece1"}
,"/home/dekode/Documents/email/src/providers/PrimaryEmailProvider.js": {"path":"/home/dekode/Documents/email/src/providers/PrimaryEmailProvider.js","statementMap":{"0":{"start":{"line":1,"column":26},"end":{"line":1,"column":56}},"1":{"start":{"line":9,"column":4},"end":{"line":14,"column":7}},"2":{"start":{"line":23,"column":34},"end":{"line":23,"column":43}},"3":{"start":{"line":24,"column":4},"end":{"line":24,"column":67}},"4":{"start":{"line":26,"column":4},"end":{"line":31,"column":5}},"5":{"start":{"line":27,"column":20},"end":{"line":27,"column":81}},"6":{"start":{"line":28,"column":6},"end":{"line":28,"column":36}},"7":{"start":{"line":29,"column":6},"end":{"line":29,"column":30}},"8":{"start":{"line":30,"column":6},"end":{"line":30,"column":18}},"9":{"start":{"line":34,"column":4},"end":{"line":34,"column":34}},"10":{"start":{"line":37,"column":26},"end":{"line":37,"column":47}},"11":{"start":{"line":39,"column":4},"end":{"line":63,"column":5}},"12":{"start":{"line":41,"column":24},"end":{"line":41,"column":37}},"13":{"start":{"line":43,"column":6},"end":{"line":62,"column":7}},"14":{"start":{"line":45,"column":22},"end":{"line":45,"column":64}},"15":{"start":{"line":46,"column":8},"end":{"line":46,"column":41}},"16":{"start":{"line":47,"column":8},"end":{"line":47,"column":31}},"17":{"start":{"line":48,"column":8},"end":{"line":48,"column":20}},"18":{"start":{"line":49,"column":13},"end":{"line":62,"column":7}},"19":{"start":{"line":51,"column":22},"end":{"line":51,"column":54}},"20":{"start":{"line":52,"column":8},"end":{"line":52,"column":43}},"21":{"start":{"line":53,"column":8},"end":{"line":53,"column":31}},"22":{"start":{"line":54,"column":8},"end":{"line":54,"column":29}},"23":{"start":{"line":55,"column":8},"end":{"line":55,"column":20}},"24":{"start":{"line":58,"column":22},"end":{"line":58,"column":73}},"25":{"start":{"line":59,"column":8},"end":{"line":59,"column":37}},"26":{"start":{"line":60,"column":8},"end":{"line":60,"column":32}},"27":{"start":{"line":61,"column":8},"end":{"line":61,"column":20}},"28":{"start":{"line":66,"column":22},"end":{"line":66,"column":47}},"29":{"start":{"line":68,"column":4},"end":{"line":78,"column":6}},"30":{"start":{"line":86,"column":4},"end":{"line":92,"column":5}},"31":{"start":{"line":87,"column":6},"end":{"line":87,"column":36}},"32":{"start":{"line":89,"column":6},"end":{"line":89,"column":33}},"33":{"start":{"line":91,"column":6},"end":{"line":91,"column":19}},"34":{"start":{"line":100,"column":4},"end":{"line":106,"column":6}},"35":{"start":{"line":110,"column":0},"end":{"line":110,"column":38}}},"fnMap":{"0":{"name":"(anonymous_0)","decl":{"start":{"line":8,"column":2},"end":{"line":8,"column":3}},"loc":{"start":{"line":8,"column":27},"end":{"line":15,"column":3}},"line":8},"1":{"name":"(anonymous_1)","decl":{"start":{"line":22,"column":2},"end":{"line":22,"column":3}},"loc":{"start":{"line":22,"column":29},"end":{"line":79,"column":3}},"line":22},"2":{"name":"(anonymous_2)","decl":{"start":{"line":85,"column":2},"end":{"line":85,"column":3}},"loc":{"start":{"line":85,"column":22},"end":{"line":93,"column":3}},"line":85},"3":{"name":"(anonymous_3)","decl":{"start":{"line":99,"column":2},"end":{"line":99,"column":3}},"loc":{"start":{"line":99,"column":13},"end":{"line":107,"column":3}},"line":99}},"branchMap":{"0":{"loc":{"start":{"line":8,"column":14},"end":{"line":8,"column":25}},"type":"default-arg","locations":[{"start":{"line":8,"column":23},"end":{"line":8,"column":25}}],"line":8},"1":{"loc":{"start":{"line":26,"column":4},"end":{"line":31,"column":5}},"type":"if","locations":[{"start":{"line":26,"column":4},"end":{"line":31,"column":5}},{"start":{},"end":{}}],"line":26},"2":{"loc":{"start":{"line":26,"column":8},"end":{"line":26,"column":32}},"type":"binary-expr","locations":[{"start":{"line":26,"column":8},"end":{"line":26,"column":11}},{"start":{"line":26,"column":15},"end":{"line":26,"column":23}},{"start":{"line":26,"column":27},"end":{"line":26,"column":32}}],"line":26},"3":{"loc":{"start":{"line":39,"column":4},"end":{"line":63,"column":5}},"type":"if","locations":[{"start":{"line":39,"column":4},"end":{"line":63,"column":5}},{"start":{},"end":{}}],"line":39},"4":{"loc":{"start":{"line":43,"column":6},"end":{"line":62,"column":7}},"type":"if","locations":[{"start":{"line":43,"column":6},"end":{"line":62,"column":7}},{"start":{"line":49,"column":13},"end":{"line":62,"column":7}}],"line":43},"5":{"loc":{"start":{"line":49,"column":13},"end":{"line":62,"column":7}},"type":"if","locations":[{"start":{"line":49,"column":13},"end":{"line":62,"column":7}},{"start":{"line":56,"column":13},"end":{"line":62,"column":7}}],"line":49}},"s":{"0":3,"1":24,"2":13,"3":13,"4":13,"5":1,"6":1,"7":1,"8":1,"9":12,"10":12,"11":12,"12":3,"13":3,"14":1,"15":1,"16":1,"17":1,"18":2,"19":2,"20":2,"21":2,"22":2,"23":2,"24":0,"25":0,"26":0,"27":0,"28":9,"29":9,"30":6,"31":6,"32":6,"33":0,"34":8,"35":3},"f":{"0":24,"1":13,"2":6,"3":8},"b":{"0":[0],"1":[1,12],"2":[13,13,12],"3":[3,9],"4":[1,2],"5":[2,0]},"_coverageSchema":"1a1c01bbd47fc00a2c39e90264f33305004495a9","hash":"2fb96d296640a89cb6f604cfded7fbc706753d2d"}
,"/home/dekode/Documents/email/src/providers/ProviderFactory.js": {"path":"/home/dekode/Documents/email/src/providers/ProviderFactory.js","statementMap":{"0":{"start":{"line":1,"column":29},"end":{"line":1,"column":62}},"1":{"start":{"line":2,"column":31},"end":{"line":2,"column":66}},"2":{"start":{"line":10,"column":4},"end":{"line":10,"column":31}},"3":{"start":{"line":11,"column":4},"end":{"line":11,"column":32}},"4":{"start":{"line":20,"column":28},"end":{"line":24,"column":6}},"5":{"start":{"line":27,"column":30},"end":{"line":31,"column":6}},"6":{"start":{"line":33,"column":4},"end":{"line":33,"column":51}},"7":{"start":{"line":34,"column":4},"end":{"line":34,"column":55}},"8":{"start":{"line":43,"column":21},"end":{"line":43,"column":67}},"9":{"start":{"line":44,"column":4},"end":{"line":46,"column":5}},"10":{"start":{"line":45,"column":6},"end":{"line":45,"column":62}},"11":{"start":{"line":47,"column":4},"end":{"line":47,"column":20}},"12":{"start":{"line":55,"column":4},"end":{"line":55,"column":39}},"13":{"start":{"line":63,"column":4},"end":{"line":63,"column":41}},"14":{"start":{"line":71,"column":4},"end":{"line":71,"column":47}},"15":{"start":{"line":79,"column":4},"end":{"line":79,"column":45}},"16":{"start":{"line":87,"column":25},"end":{"line":87,"column":27}},"17":{"start":{"line":89,"column":4},"end":{"line":104,"column":5}},"18":{"start":{"line":90,"column":6},"end":{"line":103,"column":7}},"19":{"start":{"line":91,"column":26},"end":{"line":91,"column":54}},"20":{"start":{"line":92,"column":8},"end":{"line":96,"column":10}},"21":{"start":{"line":98,"column":8},"end":{"line":102,"column":10}},"22":{"start":{"line":106,"column":4},"end":{"line":106,"column":24}},"23":{"start":{"line":114,"column":18},"end":{"line":114,"column":20}},"24":{"start":{"line":116,"column":4},"end":{"line":121,"column":5}},"25":{"start":{"line":117,"column":6},"end":{"line":120,"column":8}},"26":{"start":{"line":123,"column":4},"end":{"line":123,"column":17}},"27":{"start":{"line":130,"column":4},"end":{"line":130,"column":27}},"28":{"start":{"line":131,"column":4},"end":{"line":131,"column":32}},"29":{"start":{"line":136,"column":0},"end":{"line":136,"column":39}}},"fnMap":{"0":{"name":"(anonymous_0)","decl":{"start":{"line":9,"column":2},"end":{"line":9,"column":3}},"loc":{"start":{"line":9,"column":16},"end":{"line":12,"column":3}},"line":9},"1":{"name":"(anonymous_1)","decl":{"start":{"line":18,"column":2},"end":{"line":18,"column":3}},"loc":{"start":{"line":18,"column":25},"end":{"line":35,"column":3}},"line":18},"2":{"name":"(anonymous_2)","decl":{"start":{"line":42,"column":2},"end":{"line":42,"column":3}},"loc":{"start":{"line":42,"column":28},"end":{"line":48,"column":3}},"line":42},"3":{"name":"(anonymous_3)","decl":{"start":{"line":54,"column":2},"end":{"line":54,"column":3}},"loc":{"start":{"line":54,"column":23},"end":{"line":56,"column":3}},"line":54},"4":{"name":"(anonymous_4)","decl":{"start":{"line":62,"column":2},"end":{"line":62,"column":3}},"loc":{"start":{"line":62,"column":25},"end":{"line":64,"column":3}},"line":62},"5":{"name":"(anonymous_5)","decl":{"start":{"line":70,"column":2},"end":{"line":70,"column":3}},"loc":{"start":{"line":70,"column":20},"end":{"line":72,"column":3}},"line":70},"6":{"name":"(anonymous_6)","decl":{"start":{"line":78,"column":2},"end":{"line":78,"column":3}},"loc":{"start":{"line":78,"column":21},"end":{"line":80,"column":3}},"line":78},"7":{"name":"(anonymous_7)","decl":{"start":{"line":86,"column":2},"end":{"line":86,"column":3}},"loc":{"start":{"line":86,"column":34},"end":{"line":107,"column":3}},"line":86},"8":{"name":"(anonymous_8)","decl":{"start":{"line":113,"column":2},"end":{"line":113,"column":3}},"loc":{"start":{"line":113,"column":22},"end":{"line":124,"column":3}},"line":113},"9":{"name":"(anonymous_9)","decl":{"start":{"line":129,"column":2},"end":{"line":129,"column":3}},"loc":{"start":{"line":129,"column":10},"end":{"line":132,"column":3}},"line":129}},"branchMap":{"0":{"loc":{"start":{"line":21,"column":19},"end":{"line":21,"column":70}},"type":"binary-expr","locations":[{"start":{"line":21,"column":19},"end":{"line":21,"column":63}},{"start":{"line":21,"column":67},"end":{"line":21,"column":70}}],"line":21},"1":{"loc":{"start":{"line":22,"column":18},"end":{"line":22,"column":66}},"type":"binary-expr","locations":[{"start":{"line":22,"column":18},"end":{"line":22,"column":59}},{"start":{"line":22,"column":63},"end":{"line":22,"column":66}}],"line":22},"2":{"loc":{"start":{"line":23,"column":18},"end":{"line":23,"column":66}},"type":"binary-expr","locations":[{"start":{"line":23,"column":18},"end":{"line":23,"column":59}},{"start":{"line":23,"column":63},"end":{"line":23,"column":66}}],"line":23},"3":{"loc":{"start":{"line":28,"column":19},"end":{"line":28,"column":73}},"type":"binary-expr","locations":[{"start":{"line":28,"column":19},"end":{"line":28,"column":65}},{"start":{"line":28,"column":69},"end":{"line":28,"column":73}}],"line":28},"4":{"loc":{"start":{"line":29,"column":18},"end":{"line":29,"column":68}},"type":"binary-expr","locations":[{"start":{"line":29,"column":18},"end":{"line":29,"column":61}},{"start":{"line":29,"column":65},"end":{"line":29,"column":68}}],"line":29},"5":{"loc":{"start":{"line":30,"column":18},"end":{"line":30,"column":69}},"type":"binary-expr","locations":[{"start":{"line":30,"column":18},"end":{"line":30,"column":61}},{"start":{"line":30,"column":65},"end":{"line":30,"column":69}}],"line":30},"6":{"loc":{"start":{"line":44,"column":4},"end":{"line":46,"column":5}},"type":"if","locations":[{"start":{"line":44,"column":4},"end":{"line":46,"column":5}},{"start":{},"end":{}}],"line":44},"7":{"loc":{"start":{"line":95,"column":17},"end":{"line":95,"column":63}},"type":"cond-expr","locations":[{"start":{"line":95,"column":37},"end":{"line":95,"column":56}},{"start":{"line":95,"column":59},"end":{"line":95,"column":63}}],"line":95},"8":{"loc":{"start":{"line":117,"column":20},"end":{"line":120,"column":7}},"type":"cond-expr","locations":[{"start":{"line":117,"column":40},"end":{"line":117,"column":59}},{"start":{"line":117,"column":62},"end":{"line":120,"column":7}}],"line":117}},"s":{"0":3,"1":3,"2":3,"3":3,"4":18,"5":18,"6":18,"7":18,"8":14,"9":14,"10":1,"11":13,"12":1,"13":1,"14":1,"15":1,"16":5,"17":5,"18":10,"19":10,"20":10,"21":0,"22":5,"23":2,"24":2,"25":4,"26":2,"27":15,"28":15,"29":3},"f":{"0":3,"1":18,"2":14,"3":1,"4":1,"5":1,"6":1,"7":5,"8":2,"9":15},"b":{"0":[18,17],"1":[18,17],"2":[18,17],"3":[18,17],"4":[18,17],"5":[18,17],"6":[1,13],"7":[10,0],"8":[4,0]},"_coverageSchema":"1a1c01bbd47fc00a2c39e90264f33305004495a9","hash":"78dab44c188ee70e2f2b9b99fc6be9226b08fa60"}
,"/home/dekode/Documents/email/src/providers/SecondaryEmailProvider.js": {"path":"/home/dekode/Documents/email/src/providers/SecondaryEmailProvider.js","statementMap":{"0":{"start":{"line":1,"column":26},"end":{"line":1,"column":56}},"1":{"start":{"line":9,"column":4},"end":{"line":14,"column":7}},"2":{"start":{"line":23,"column":34},"end":{"line":23,"column":43}},"3":{"start":{"line":26,"column":4},"end":{"line":28,"column":5}},"4":{"start":{"line":27,"column":6},"end":{"line":27,"column":74}},"5":{"start":{"line":31,"column":4},"end":{"line":31,"column":34}},"6":{"start":{"line":34,"column":26},"end":{"line":34,"column":47}},"7":{"start":{"line":36,"column":4},"end":{"line":60,"column":5}},"8":{"start":{"line":38,"column":24},"end":{"line":38,"column":37}},"9":{"start":{"line":40,"column":6},"end":{"line":59,"column":7}},"10":{"start":{"line":42,"column":22},"end":{"line":42,"column":66}},"11":{"start":{"line":43,"column":8},"end":{"line":43,"column":41}},"12":{"start":{"line":44,"column":8},"end":{"line":44,"column":31}},"13":{"start":{"line":45,"column":8},"end":{"line":45,"column":20}},"14":{"start":{"line":46,"column":13},"end":{"line":59,"column":7}},"15":{"start":{"line":48,"column":22},"end":{"line":48,"column":55}},"16":{"start":{"line":49,"column":8},"end":{"line":49,"column":38}},"17":{"start":{"line":50,"column":8},"end":{"line":50,"column":31}},"18":{"start":{"line":51,"column":8},"end":{"line":51,"column":33}},"19":{"start":{"line":52,"column":8},"end":{"line":52,"column":20}},"20":{"start":{"line":55,"column":22},"end":{"line":55,"column":56}},"21":{"start":{"line":56,"column":8},"end":{"line":56,"column":35}},"22":{"start":{"line":57,"column":8},"end":{"line":57,"column":32}},"23":{"start":{"line":58,"column":8},"end":{"line":58,"column":20}},"24":{"start":{"line":63,"column":22},"end":{"line":63,"column":47}},"25":{"start":{"line":65,"column":4},"end":{"line":75,"column":6}},"26":{"start":{"line":83,"column":4},"end":{"line":89,"column":5}},"27":{"start":{"line":84,"column":6},"end":{"line":84,"column":36}},"28":{"start":{"line":86,"column":6},"end":{"line":86,"column":34}},"29":{"start":{"line":88,"column":6},"end":{"line":88,"column":19}},"30":{"start":{"line":97,"column":4},"end":{"line":104,"column":6}},"31":{"start":{"line":108,"column":0},"end":{"line":108,"column":40}}},"fnMap":{"0":{"name":"(anonymous_0)","decl":{"start":{"line":8,"column":2},"end":{"line":8,"column":3}},"loc":{"start":{"line":8,"column":27},"end":{"line":15,"column":3}},"line":8},"1":{"name":"(anonymous_1)","decl":{"start":{"line":22,"column":2},"end":{"line":22,"column":3}},"loc":{"start":{"line":22,"column":29},"end":{"line":76,"column":3}},"line":22},"2":{"name":"(anonymous_2)","decl":{"start":{"line":82,"column":2},"end":{"line":82,"column":3}},"loc":{"start":{"line":82,"column":22},"end":{"line":90,"column":3}},"line":82},"3":{"name":"(anonymous_3)","decl":{"start":{"line":96,"column":2},"end":{"line":96,"column":3}},"loc":{"start":{"line":96,"column":13},"end":{"line":105,"column":3}},"line":96}},"branchMap":{"0":{"loc":{"start":{"line":8,"column":14},"end":{"line":8,"column":25}},"type":"default-arg","locations":[{"start":{"line":8,"column":23},"end":{"line":8,"column":25}}],"line":8},"1":{"loc":{"start":{"line":26,"column":4},"end":{"line":28,"column":5}},"type":"if","locations":[{"start":{"line":26,"column":4},"end":{"line":28,"column":5}},{"start":{},"end":{}}],"line":26},"2":{"loc":{"start":{"line":26,"column":8},"end":{"line":26,"column":32}},"type":"binary-expr","locations":[{"start":{"line":26,"column":8},"end":{"line":26,"column":11}},{"start":{"line":26,"column":15},"end":{"line":26,"column":23}},{"start":{"line":26,"column":27},"end":{"line":26,"column":32}}],"line":26},"3":{"loc":{"start":{"line":36,"column":4},"end":{"line":60,"column":5}},"type":"if","locations":[{"start":{"line":36,"column":4},"end":{"line":60,"column":5}},{"start":{},"end":{}}],"line":36},"4":{"loc":{"start":{"line":40,"column":6},"end":{"line":59,"column":7}},"type":"if","locations":[{"start":{"line":40,"column":6},"end":{"line":59,"column":7}},{"start":{"line":46,"column":13},"end":{"line":59,"column":7}}],"line":40},"5":{"loc":{"start":{"line":46,"column":13},"end":{"line":59,"column":7}},"type":"if","locations":[{"start":{"line":46,"column":13},"end":{"line":59,"column":7}},{"start":{"line":53,"column":13},"end":{"line":59,"column":7}}],"line":46}},"s":{"0":3,"1":20,"2":1,"3":1,"4":0,"5":1,"6":1,"7":1,"8":0,"9":0,"10":0,"11":0,"12":0,"13":0,"14":0,"15":0,"16":0,"17":0,"18":0,"19":0,"20":0,"21":0,"22":0,"23":0,"24":1,"25":1,"26":5,"27":5,"28":5,"29":0,"30":8,"31":3},"f":{"0":20,"1":1,"2":5,"3":8},"b":{"0":[0],"1":[0,1],"2":[1,1,1],"3":[0,1],"4":[0,0],"5":[0,0]},"_coverageSchema":"1a1c01bbd47fc00a2c39e90264f33305004495a9","hash":"09fb1ee66c5ae8f9b5256df842ca1a750e040689"}
,"/home/dekode/Documents/email/src/routes/emailRoutes.js": {"path":"/home/dekode/Documents/email/src/routes/emailRoutes.js","statementMap":{"0":{"start":{"line":1,"column":16},"end":{"line":1,"column":34}},"1":{"start":{"line":2,"column":36},"end":{"line":2,"column":79}},"2":{"start":{"line":3,"column":33},"end":{"line":3,"column":68}},"3":{"start":{"line":4,"column":15},"end":{"line":4,"column":41}},"4":{"start":{"line":6,"column":15},"end":{"line":6,"column":31}},"5":{"start":{"line":7,"column":21},"end":{"line":7,"column":46}},"6":{"start":{"line":13,"column":0},"end":{"line":53,"column":3}},"7":{"start":{"line":14,"column":2},"end":{"line":52,"column":3}},"8":{"start":{"line":15,"column":67},"end":{"line":15,"column":75}},"9":{"start":{"line":17,"column":4},"end":{"line":21,"column":7}},"10":{"start":{"line":23,"column":19},"end":{"line":30,"column":6}},"11":{"start":{"line":33,"column":4},"end":{"line":38,"column":5}},"12":{"start":{"line":34,"column":25},"end":{"line":34,"column":63}},"13":{"start":{"line":35,"column":6},"end":{"line":35,"column":42}},"14":{"start":{"line":37,"column":6},"end":{"line":37,"column":35}},"15":{"start":{"line":41,"column":4},"end":{"line":44,"column":7}},"16":{"start":{"line":46,"column":4},"end":{"line":51,"column":7}},"17":{"start":{"line":59,"column":0},"end":{"line":94,"column":3}},"18":{"start":{"line":60,"column":2},"end":{"line":93,"column":3}},"19":{"start":{"line":61,"column":31},"end":{"line":61,"column":41}},"20":{"start":{"line":63,"column":4},"end":{"line":68,"column":5}},"21":{"start":{"line":64,"column":6},"end":{"line":67,"column":9}},"22":{"start":{"line":70,"column":19},"end":{"line":70,"column":62}},"23":{"start":{"line":72,"column":4},"end":{"line":78,"column":5}},"24":{"start":{"line":73,"column":6},"end":{"line":77,"column":9}},"25":{"start":{"line":80,"column":4},"end":{"line":80,"column":21}},"26":{"start":{"line":83,"column":4},"end":{"line":86,"column":7}},"27":{"start":{"line":88,"column":4},"end":{"line":92,"column":7}},"28":{"start":{"line":100,"column":0},"end":{"line":170,"column":3}},"29":{"start":{"line":101,"column":2},"end":{"line":169,"column":3}},"30":{"start":{"line":102,"column":23},"end":{"line":102,"column":31}},"31":{"start":{"line":104,"column":4},"end":{"line":109,"column":5}},"32":{"start":{"line":105,"column":6},"end":{"line":108,"column":9}},"33":{"start":{"line":111,"column":4},"end":{"line":116,"column":5}},"34":{"start":{"line":112,"column":6},"end":{"line":115,"column":9}},"35":{"start":{"line":118,"column":20},"end":{"line":118,"column":22}},"36":{"start":{"line":119,"column":19},"end":{"line":119,"column":21}},"37":{"start":{"line":121,"column":4},"end":{"line":148,"column":5}},"38":{"start":{"line":121,"column":17},"end":{"line":121,"column":18}},"39":{"start":{"line":122,"column":20},"end":{"line":122,"column":29}},"40":{"start":{"line":124,"column":6},"end":{"line":147,"column":7}},"41":{"start":{"line":126,"column":8},"end":{"line":132,"column":9}},"42":{"start":{"line":127,"column":10},"end":{"line":130,"column":13}},"43":{"start":{"line":131,"column":10},"end":{"line":131,"column":19}},"44":{"start":{"line":134,"column":23},"end":{"line":134,"column":58}},"45":{"start":{"line":135,"column":8},"end":{"line":139,"column":11}},"46":{"start":{"line":142,"column":8},"end":{"line":146,"column":11}},"47":{"start":{"line":150,"column":21},"end":{"line":156,"column":5}},"48":{"start":{"line":158,"column":23},"end":{"line":158,"column":54}},"49":{"start":{"line":159,"column":4},"end":{"line":159,"column":42}},"50":{"start":{"line":162,"column":4},"end":{"line":162,"column":71}},"51":{"start":{"line":164,"column":4},"end":{"line":168,"column":7}},"52":{"start":{"line":176,"column":0},"end":{"line":230,"column":3}},"53":{"start":{"line":177,"column":2},"end":{"line":229,"column":3}},"54":{"start":{"line":178,"column":31},"end":{"line":178,"column":41}},"55":{"start":{"line":179,"column":30},"end":{"line":179,"column":38}},"56":{"start":{"line":182,"column":27},"end":{"line":182,"column":70}},"57":{"start":{"line":184,"column":4},"end":{"line":190,"column":5}},"58":{"start":{"line":185,"column":6},"end":{"line":189,"column":9}},"59":{"start":{"line":193,"column":4},"end":{"line":199,"column":5}},"60":{"start":{"line":194,"column":6},"end":{"line":198,"column":9}},"61":{"start":{"line":202,"column":30},"end":{"line":202,"column":70}},"62":{"start":{"line":205,"column":19},"end":{"line":210,"column":6}},"63":{"start":{"line":212,"column":4},"end":{"line":216,"column":7}},"64":{"start":{"line":219,"column":4},"end":{"line":222,"column":7}},"65":{"start":{"line":224,"column":4},"end":{"line":228,"column":7}},"66":{"start":{"line":236,"column":0},"end":{"line":253,"column":3}},"67":{"start":{"line":237,"column":2},"end":{"line":252,"column":3}},"68":{"start":{"line":238,"column":23},"end":{"line":238,"column":52}},"69":{"start":{"line":240,"column":4},"end":{"line":243,"column":7}},"70":{"start":{"line":246,"column":4},"end":{"line":246,"column":74}},"71":{"start":{"line":248,"column":4},"end":{"line":251,"column":7}},"72":{"start":{"line":255,"column":0},"end":{"line":255,"column":24}}},"fnMap":{"0":{"name":"(anonymous_0)","decl":{"start":{"line":13,"column":84},"end":{"line":13,"column":85}},"loc":{"start":{"line":13,"column":104},"end":{"line":53,"column":1}},"line":13},"1":{"name":"(anonymous_1)","decl":{"start":{"line":59,"column":38},"end":{"line":59,"column":39}},"loc":{"start":{"line":59,"column":52},"end":{"line":94,"column":1}},"line":59},"2":{"name":"(anonymous_2)","decl":{"start":{"line":100,"column":26},"end":{"line":100,"column":27}},"loc":{"start":{"line":100,"column":46},"end":{"line":170,"column":1}},"line":100},"3":{"name":"(anonymous_3)","decl":{"start":{"line":176,"column":39},"end":{"line":176,"column":40}},"loc":{"start":{"line":176,"column":59},"end":{"line":230,"column":1}},"line":176},"4":{"name":"(anonymous_4)","decl":{"start":{"line":236,"column":28},"end":{"line":236,"column":29}},"loc":{"start":{"line":236,"column":42},"end":{"line":253,"column":1}},"line":236}},"branchMap":{"0":{"loc":{"start":{"line":33,"column":4},"end":{"line":38,"column":5}},"type":"if","locations":[{"start":{"line":33,"column":4},"end":{"line":38,"column":5}},{"start":{"line":36,"column":11},"end":{"line":38,"column":5}}],"line":33},"1":{"loc":{"start":{"line":34,"column":25},"end":{"line":34,"column":63}},"type":"cond-expr","locations":[{"start":{"line":34,"column":54},"end":{"line":34,"column":57}},{"start":{"line":34,"column":60},"end":{"line":34,"column":63}}],"line":34},"2":{"loc":{"start":{"line":63,"column":4},"end":{"line":68,"column":5}},"type":"if","locations":[{"start":{"line":63,"column":4},"end":{"line":68,"column":5}},{"start":{},"end":{}}],"line":63},"3":{"loc":{"start":{"line":72,"column":4},"end":{"line":78,"column":5}},"type":"if","locations":[{"start":{"line":72,"column":4},"end":{"line":78,"column":5}},{"start":{},"end":{}}],"line":72},"4":{"loc":{"start":{"line":104,"column":4},"end":{"line":109,"column":5}},"type":"if","locations":[{"start":{"line":104,"column":4},"end":{"line":109,"column":5}},{"start":{},"end":{}}],"line":104},"5":{"loc":{"start":{"line":104,"column":8},"end":{"line":104,"column":53}},"type":"binary-expr","locations":[{"start":{"line":104,"column":8},"end":{"line":104,"column":30}},{"start":{"line":104,"column":34},"end":{"line":104,"column":53}}],"line":104},"6":{"loc":{"start":{"line":111,"column":4},"end":{"line":116,"column":5}},"type":"if","locations":[{"start":{"line":111,"column":4},"end":{"line":116,"column":5}},{"start":{},"end":{}}],"line":111},"7":{"loc":{"start":{"line":126,"column":8},"end":{"line":132,"column":9}},"type":"if","locations":[{"start":{"line":126,"column":8},"end":{"line":132,"column":9}},{"start":{},"end":{}}],"line":126},"8":{"loc":{"start":{"line":126,"column":12},"end":{"line":126,"column":79}},"type":"binary-expr","locations":[{"start":{"line":126,"column":12},"end":{"line":126,"column":21}},{"start":{"line":126,"column":25},"end":{"line":126,"column":39}},{"start":{"line":126,"column":43},"end":{"line":126,"column":54}},{"start":{"line":126,"column":58},"end":{"line":126,"column":79}}],"line":126},"9":{"loc":{"start":{"line":155,"column":14},"end":{"line":155,"column":52}},"type":"cond-expr","locations":[{"start":{"line":155,"column":34},"end":{"line":155,"column":40}},{"start":{"line":155,"column":43},"end":{"line":155,"column":52}}],"line":155},"10":{"loc":{"start":{"line":158,"column":23},"end":{"line":158,"column":54}},"type":"cond-expr","locations":[{"start":{"line":158,"column":45},"end":{"line":158,"column":48}},{"start":{"line":158,"column":51},"end":{"line":158,"column":54}}],"line":158},"11":{"loc":{"start":{"line":179,"column":12},"end":{"line":179,"column":25}},"type":"default-arg","locations":[{"start":{"line":179,"column":20},"end":{"line":179,"column":25}}],"line":179},"12":{"loc":{"start":{"line":184,"column":4},"end":{"line":190,"column":5}},"type":"if","locations":[{"start":{"line":184,"column":4},"end":{"line":190,"column":5}},{"start":{},"end":{}}],"line":184},"13":{"loc":{"start":{"line":193,"column":4},"end":{"line":199,"column":5}},"type":"if","locations":[{"start":{"line":193,"column":4},"end":{"line":199,"column":5}},{"start":{},"end":{}}],"line":193},"14":{"loc":{"start":{"line":193,"column":8},"end":{"line":193,"column":50}},"type":"binary-expr","locations":[{"start":{"line":193,"column":8},"end":{"line":193,"column":14}},{"start":{"line":193,"column":18},"end":{"line":193,"column":50}}],"line":193}},"s":{"0":1,"1":1,"2":1,"3":1,"4":1,"5":1,"6":1,"7":14,"8":14,"9":14,"10":14,"11":14,"12":14,"13":14,"14":0,"15":0,"16":0,"17":1,"18":2,"19":2,"20":2,"21":0,"22":2,"23":2,"24":1,"25":1,"26":0,"27":0,"28":1,"29":4,"30":4,"31":4,"32":1,"33":3,"34":1,"35":2,"36":2,"37":2,"38":2,"39":4,"40":4,"41":4,"42":0,"43":0,"44":4,"45":3,"46":1,"47":2,"48":2,"49":2,"50":0,"51":0,"52":1,"53":0,"54":0,"55":0,"56":0,"57":0,"58":0,"59":0,"60":0,"61":0,"62":0,"63":0,"64":0,"65":0,"66":1,"67":0,"68":0,"69":0,"70":0,"71":0,"72":1},"f":{"0":14,"1":2,"2":4,"3":0,"4":0},"b":{"0":[14,0],"1":[14,0],"2":[0,2],"3":[1,1],"4":[1,3],"5":[4,4],"6":[1,2],"7":[0,4],"8":[4,4,4,4],"9":[1,1],"10":[1,1],"11":[0],"12":[0,0],"13":[0,0],"14":[0,0]},"_coverageSchema":"1a1c01bbd47fc00a2c39e90264f33305004495a9","hash":"bc69e27175a66a402de941668fb0f15067ecad42"}
,"/home/dekode/Documents/email/src/services/CircuitBreaker.js": {"path":"/home/dekode/Documents/email/src/services/CircuitBreaker.js","statementMap":{"0":{"start":{"line":1,"column":15},"end":{"line":1,"column":41}},"1":{"start":{"line":10,"column":4},"end":{"line":10,"column":21}},"2":{"start":{"line":11,"column":4},"end":{"line":16,"column":6}},"3":{"start":{"line":18,"column":4},"end":{"line":18,"column":26}},"4":{"start":{"line":19,"column":4},"end":{"line":19,"column":26}},"5":{"start":{"line":20,"column":4},"end":{"line":20,"column":26}},"6":{"start":{"line":21,"column":4},"end":{"line":21,"column":32}},"7":{"start":{"line":22,"column":4},"end":{"line":22,"column":32}},"8":{"start":{"line":24,"column":4},"end":{"line":27,"column":7}},"9":{"start":{"line":38,"column":4},"end":{"line":48,"column":5}},"10":{"start":{"line":39,"column":6},"end":{"line":47,"column":7}},"11":{"start":{"line":40,"column":22},"end":{"line":40,"column":75}},"12":{"start":{"line":41,"column":8},"end":{"line":41,"column":44}},"13":{"start":{"line":42,"column":8},"end":{"line":42,"column":81}},"14":{"start":{"line":43,"column":8},"end":{"line":43,"column":20}},"15":{"start":{"line":46,"column":8},"end":{"line":46,"column":36}},"16":{"start":{"line":50,"column":4},"end":{"line":57,"column":5}},"17":{"start":{"line":51,"column":21},"end":{"line":51,"column":38}},"18":{"start":{"line":52,"column":6},"end":{"line":52,"column":24}},"19":{"start":{"line":53,"column":6},"end":{"line":53,"column":20}},"20":{"start":{"line":55,"column":6},"end":{"line":55,"column":29}},"21":{"start":{"line":56,"column":6},"end":{"line":56,"column":18}},"22":{"start":{"line":65,"column":4},"end":{"line":74,"column":5}},"23":{"start":{"line":66,"column":6},"end":{"line":66,"column":26}},"24":{"start":{"line":68,"column":6},"end":{"line":70,"column":7}},"25":{"start":{"line":69,"column":8},"end":{"line":69,"column":33}},"26":{"start":{"line":71,"column":11},"end":{"line":74,"column":5}},"27":{"start":{"line":73,"column":6},"end":{"line":73,"column":28}},"28":{"start":{"line":76,"column":4},"end":{"line":81,"column":7}},"29":{"start":{"line":90,"column":4},"end":{"line":90,"column":24}},"30":{"start":{"line":91,"column":4},"end":{"line":91,"column":38}},"31":{"start":{"line":94,"column":4},"end":{"line":100,"column":5}},"32":{"start":{"line":95,"column":6},"end":{"line":98,"column":9}},"33":{"start":{"line":99,"column":6},"end":{"line":99,"column":13}},"34":{"start":{"line":102,"column":4},"end":{"line":107,"column":5}},"35":{"start":{"line":104,"column":6},"end":{"line":104,"column":29}},"36":{"start":{"line":105,"column":11},"end":{"line":107,"column":5}},"37":{"start":{"line":106,"column":6},"end":{"line":106,"column":29}},"38":{"start":{"line":109,"column":4},"end":{"line":114,"column":7}},"39":{"start":{"line":123,"column":21},"end":{"line":123,"column":31}},"40":{"start":{"line":124,"column":4},"end":{"line":124,"column":26}},"41":{"start":{"line":126,"column":4},"end":{"line":141,"column":5}},"42":{"start":{"line":128,"column":8},"end":{"line":128,"column":30}},"43":{"start":{"line":129,"column":8},"end":{"line":129,"column":30}},"44":{"start":{"line":130,"column":8},"end":{"line":130,"column":36}},"45":{"start":{"line":131,"column":8},"end":{"line":131,"column":14}},"46":{"start":{"line":134,"column":8},"end":{"line":134,"column":30}},"47":{"start":{"line":135,"column":8},"end":{"line":135,"column":64}},"48":{"start":{"line":136,"column":8},"end":{"line":136,"column":14}},"49":{"start":{"line":139,"column":8},"end":{"line":139,"column":30}},"50":{"start":{"line":140,"column":8},"end":{"line":140,"column":14}},"51":{"start":{"line":143,"column":4},"end":{"line":149,"column":5}},"52":{"start":{"line":144,"column":6},"end":{"line":148,"column":9}},"53":{"start":{"line":157,"column":4},"end":{"line":165,"column":6}},"54":{"start":{"line":172,"column":4},"end":{"line":172,"column":29}},"55":{"start":{"line":173,"column":4},"end":{"line":173,"column":71}},"56":{"start":{"line":180,"column":4},"end":{"line":180,"column":27}},"57":{"start":{"line":181,"column":4},"end":{"line":181,"column":77}},"58":{"start":{"line":189,"column":4},"end":{"line":191,"column":5}},"59":{"start":{"line":190,"column":6},"end":{"line":190,"column":18}},"60":{"start":{"line":193,"column":4},"end":{"line":195,"column":5}},"61":{"start":{"line":194,"column":6},"end":{"line":194,"column":48}},"62":{"start":{"line":197,"column":4},"end":{"line":197,"column":17}},"63":{"start":{"line":205,"column":4},"end":{"line":208,"column":5}},"64":{"start":{"line":206,"column":28},"end":{"line":206,"column":61}},"65":{"start":{"line":207,"column":6},"end":{"line":207,"column":51}},"66":{"start":{"line":209,"column":4},"end":{"line":209,"column":16}},"67":{"start":{"line":219,"column":4},"end":{"line":219,"column":30}},"68":{"start":{"line":229,"column":4},"end":{"line":231,"column":5}},"69":{"start":{"line":230,"column":6},"end":{"line":230,"column":64}},"70":{"start":{"line":232,"column":4},"end":{"line":232,"column":35}},"71":{"start":{"line":240,"column":19},"end":{"line":240,"column":21}},"72":{"start":{"line":241,"column":4},"end":{"line":243,"column":5}},"73":{"start":{"line":242,"column":6},"end":{"line":242,"column":41}},"74":{"start":{"line":244,"column":4},"end":{"line":244,"column":18}},"75":{"start":{"line":251,"column":4},"end":{"line":253,"column":5}},"76":{"start":{"line":252,"column":6},"end":{"line":252,"column":22}},"77":{"start":{"line":254,"column":4},"end":{"line":254,"column":46}},"78":{"start":{"line":261,"column":4},"end":{"line":261,"column":26}},"79":{"start":{"line":262,"column":4},"end":{"line":262,"column":52}},"80":{"start":{"line":267,"column":0},"end":{"line":270,"column":2}}},"fnMap":{"0":{"name":"(anonymous_0)","decl":{"start":{"line":9,"column":2},"end":{"line":9,"column":3}},"loc":{"start":{"line":9,"column":33},"end":{"line":28,"column":3}},"line":9},"1":{"name":"(anonymous_1)","decl":{"start":{"line":36,"column":2},"end":{"line":36,"column":3}},"loc":{"start":{"line":36,"column":29},"end":{"line":58,"column":3}},"line":36},"2":{"name":"(anonymous_2)","decl":{"start":{"line":64,"column":2},"end":{"line":64,"column":3}},"loc":{"start":{"line":64,"column":15},"end":{"line":82,"column":3}},"line":64},"3":{"name":"(anonymous_3)","decl":{"start":{"line":89,"column":2},"end":{"line":89,"column":3}},"loc":{"start":{"line":89,"column":20},"end":{"line":115,"column":3}},"line":89},"4":{"name":"(anonymous_4)","decl":{"start":{"line":122,"column":2},"end":{"line":122,"column":3}},"loc":{"start":{"line":122,"column":22},"end":{"line":150,"column":3}},"line":122},"5":{"name":"(anonymous_5)","decl":{"start":{"line":156,"column":2},"end":{"line":156,"column":3}},"loc":{"start":{"line":156,"column":14},"end":{"line":166,"column":3}},"line":156},"6":{"name":"(anonymous_6)","decl":{"start":{"line":171,"column":2},"end":{"line":171,"column":3}},"loc":{"start":{"line":171,"column":10},"end":{"line":174,"column":3}},"line":171},"7":{"name":"(anonymous_7)","decl":{"start":{"line":179,"column":2},"end":{"line":179,"column":3}},"loc":{"start":{"line":179,"column":14},"end":{"line":182,"column":3}},"line":179},"8":{"name":"(anonymous_8)","decl":{"start":{"line":188,"column":2},"end":{"line":188,"column":3}},"loc":{"start":{"line":188,"column":15},"end":{"line":198,"column":3}},"line":188},"9":{"name":"(anonymous_9)","decl":{"start":{"line":204,"column":2},"end":{"line":204,"column":3}},"loc":{"start":{"line":204,"column":28},"end":{"line":210,"column":3}},"line":204},"10":{"name":"(anonymous_10)","decl":{"start":{"line":218,"column":2},"end":{"line":218,"column":3}},"loc":{"start":{"line":218,"column":16},"end":{"line":220,"column":3}},"line":218},"11":{"name":"(anonymous_11)","decl":{"start":{"line":228,"column":2},"end":{"line":228,"column":3}},"loc":{"start":{"line":228,"column":32},"end":{"line":233,"column":3}},"line":228},"12":{"name":"(anonymous_12)","decl":{"start":{"line":239,"column":2},"end":{"line":239,"column":3}},"loc":{"start":{"line":239,"column":17},"end":{"line":245,"column":3}},"line":239},"13":{"name":"(anonymous_13)","decl":{"start":{"line":250,"column":2},"end":{"line":250,"column":3}},"loc":{"start":{"line":250,"column":13},"end":{"line":255,"column":3}},"line":250},"14":{"name":"(anonymous_14)","decl":{"start":{"line":260,"column":2},"end":{"line":260,"column":3}},"loc":{"start":{"line":260,"column":10},"end":{"line":263,"column":3}},"line":260}},"branchMap":{"0":{"loc":{"start":{"line":9,"column":20},"end":{"line":9,"column":31}},"type":"default-arg","locations":[{"start":{"line":9,"column":29},"end":{"line":9,"column":31}}],"line":9},"1":{"loc":{"start":{"line":12,"column":24},"end":{"line":12,"column":76}},"type":"binary-expr","locations":[{"start":{"line":12,"column":24},"end":{"line":12,"column":71}},{"start":{"line":12,"column":75},"end":{"line":12,"column":76}}],"line":12},"2":{"loc":{"start":{"line":13,"column":24},"end":{"line":13,"column":84}},"type":"binary-expr","locations":[{"start":{"line":13,"column":24},"end":{"line":13,"column":79}},{"start":{"line":13,"column":83},"end":{"line":13,"column":84}}],"line":13},"3":{"loc":{"start":{"line":14,"column":15},"end":{"line":14,"column":69}},"type":"binary-expr","locations":[{"start":{"line":14,"column":15},"end":{"line":14,"column":60}},{"start":{"line":14,"column":64},"end":{"line":14,"column":69}}],"line":14},"4":{"loc":{"start":{"line":38,"column":4},"end":{"line":48,"column":5}},"type":"if","locations":[{"start":{"line":38,"column":4},"end":{"line":48,"column":5}},{"start":{},"end":{}}],"line":38},"5":{"loc":{"start":{"line":39,"column":6},"end":{"line":47,"column":7}},"type":"if","locations":[{"start":{"line":39,"column":6},"end":{"line":47,"column":7}},{"start":{"line":44,"column":13},"end":{"line":47,"column":7}}],"line":39},"6":{"loc":{"start":{"line":65,"column":4},"end":{"line":74,"column":5}},"type":"if","locations":[{"start":{"line":65,"column":4},"end":{"line":74,"column":5}},{"start":{"line":71,"column":11},"end":{"line":74,"column":5}}],"line":65},"7":{"loc":{"start":{"line":68,"column":6},"end":{"line":70,"column":7}},"type":"if","locations":[{"start":{"line":68,"column":6},"end":{"line":70,"column":7}},{"start":{},"end":{}}],"line":68},"8":{"loc":{"start":{"line":71,"column":11},"end":{"line":74,"column":5}},"type":"if","locations":[{"start":{"line":71,"column":11},"end":{"line":74,"column":5}},{"start":{},"end":{}}],"line":71},"9":{"loc":{"start":{"line":94,"column":4},"end":{"line":100,"column":5}},"type":"if","locations":[{"start":{"line":94,"column":4},"end":{"line":100,"column":5}},{"start":{},"end":{}}],"line":94},"10":{"loc":{"start":{"line":102,"column":4},"end":{"line":107,"column":5}},"type":"if","locations":[{"start":{"line":102,"column":4},"end":{"line":107,"column":5}},{"start":{"line":105,"column":11},"end":{"line":107,"column":5}}],"line":102},"11":{"loc":{"start":{"line":105,"column":11},"end":{"line":107,"column":5}},"type":"if","locations":[{"start":{"line":105,"column":11},"end":{"line":107,"column":5}},{"start":{},"end":{}}],"line":105},"12":{"loc":{"start":{"line":105,"column":15},"end":{"line":105,"column":91}},"type":"binary-expr","locations":[{"start":{"line":105,"column":15},"end":{"line":105,"column":38}},{"start":{"line":105,"column":42},"end":{"line":105,"column":91}}],"line":105},"13":{"loc":{"start":{"line":126,"column":4},"end":{"line":141,"column":5}},"type":"switch","locations":[{"start":{"line":127,"column":6},"end":{"line":131,"column":14}},{"start":{"line":133,"column":6},"end":{"line":136,"column":14}},{"start":{"line":138,"column":6},"end":{"line":140,"column":14}}],"line":126},"14":{"loc":{"start":{"line":143,"column":4},"end":{"line":149,"column":5}},"type":"if","locations":[{"start":{"line":143,"column":4},"end":{"line":149,"column":5}},{"start":{},"end":{}}],"line":143},"15":{"loc":{"start":{"line":147,"column":25},"end":{"line":147,"column":99}},"type":"cond-expr","locations":[{"start":{"line":147,"column":48},"end":{"line":147,"column":92}},{"start":{"line":147,"column":95},"end":{"line":147,"column":99}}],"line":147},"16":{"loc":{"start":{"line":162,"column":23},"end":{"line":162,"column":97}},"type":"cond-expr","locations":[{"start":{"line":162,"column":46},"end":{"line":162,"column":90}},{"start":{"line":162,"column":93},"end":{"line":162,"column":97}}],"line":162},"17":{"loc":{"start":{"line":163,"column":23},"end":{"line":163,"column":97}},"type":"cond-expr","locations":[{"start":{"line":163,"column":46},"end":{"line":163,"column":90}},{"start":{"line":163,"column":93},"end":{"line":163,"column":97}}],"line":163},"18":{"loc":{"start":{"line":189,"column":4},"end":{"line":191,"column":5}},"type":"if","locations":[{"start":{"line":189,"column":4},"end":{"line":191,"column":5}},{"start":{},"end":{}}],"line":189},"19":{"loc":{"start":{"line":189,"column":8},"end":{"line":189,"column":61}},"type":"binary-expr","locations":[{"start":{"line":189,"column":8},"end":{"line":189,"column":31}},{"start":{"line":189,"column":35},"end":{"line":189,"column":61}}],"line":189},"20":{"loc":{"start":{"line":193,"column":4},"end":{"line":195,"column":5}},"type":"if","locations":[{"start":{"line":193,"column":4},"end":{"line":195,"column":5}},{"start":{},"end":{}}],"line":193},"21":{"loc":{"start":{"line":205,"column":4},"end":{"line":208,"column":5}},"type":"if","locations":[{"start":{"line":205,"column":4},"end":{"line":208,"column":5}},{"start":{},"end":{}}],"line":205},"22":{"loc":{"start":{"line":205,"column":8},"end":{"line":205,"column":53}},"type":"binary-expr","locations":[{"start":{"line":205,"column":8},"end":{"line":205,"column":29}},{"start":{"line":205,"column":33},"end":{"line":205,"column":53}}],"line":205},"23":{"loc":{"start":{"line":207,"column":13},"end":{"line":207,"column":50}},"type":"cond-expr","locations":[{"start":{"line":207,"column":33},"end":{"line":207,"column":46}},{"start":{"line":207,"column":49},"end":{"line":207,"column":50}}],"line":207},"24":{"loc":{"start":{"line":228,"column":19},"end":{"line":228,"column":30}},"type":"default-arg","locations":[{"start":{"line":228,"column":28},"end":{"line":228,"column":30}}],"line":228},"25":{"loc":{"start":{"line":229,"column":4},"end":{"line":231,"column":5}},"type":"if","locations":[{"start":{"line":229,"column":4},"end":{"line":231,"column":5}},{"start":{},"end":{}}],"line":229}},"s":{"0":2,"1":9,"2":9,"3":9,"4":9,"5":9,"6":9,"7":9,"8":9,"9":22,"10":2,"11":1,"12":1,"13":1,"14":1,"15":1,"16":21,"17":21,"18":10,"19":10,"20":11,"21":11,"22":10,"23":1,"24":1,"25":0,"26":9,"27":9,"28":10,"29":11,"30":11,"31":11,"32":0,"33":0,"34":11,"35":0,"36":11,"37":3,"38":11,"39":8,"40":8,"41":8,"42":3,"43":3,"44":3,"45":3,"46":4,"47":4,"48":4,"49":1,"50":1,"51":8,"52":6,"53":6,"54":3,"55":3,"56":1,"57":1,"58":0,"59":0,"60":0,"61":0,"62":0,"63":0,"64":0,"65":0,"66":0,"67":2,"68":10,"69":4,"70":10,"71":4,"72":4,"73":3,"74":4,"75":1,"76":1,"77":1,"78":21,"79":21,"80":2},"f":{"0":9,"1":22,"2":10,"3":11,"4":8,"5":6,"6":3,"7":1,"8":0,"9":0,"10":2,"11":10,"12":4,"13":1,"14":21},"b":{"0":[0],"1":[9,8],"2":[9,8],"3":[9,8],"4":[2,20],"5":[1,1],"6":[1,9],"7":[0,1],"8":[9,0],"9":[0,11],"10":[0,11],"11":[3,8],"12":[11,11],"13":[3,4,1],"14":[6,2],"15":[5,1],"16":[4,2],"17":[2,4],"18":[0,0],"19":[0,0],"20":[0,0],"21":[0,0],"22":[0,0],"23":[0,0],"24":[10],"25":[4,6]},"_coverageSchema":"1a1c01bbd47fc00a2c39e90264f33305004495a9","hash":"8319e287d62e5e9c072a2f2260a42626623c7403"}
,"/home/dekode/Documents/email/src/services/EmailQueue.js": {"path":"/home/dekode/Documents/email/src/services/EmailQueue.js","statementMap":{"0":{"start":{"line":1,"column":15},"end":{"line":1,"column":41}},"1":{"start":{"line":9,"column":4},"end":{"line":17,"column":6}},"2":{"start":{"line":19,"column":4},"end":{"line":19,"column":20}},"3":{"start":{"line":20,"column":4},"end":{"line":20,"column":32}},"4":{"start":{"line":21,"column":4},"end":{"line":21,"column":24}},"5":{"start":{"line":22,"column":4},"end":{"line":22,"column":21}},"6":{"start":{"line":23,"column":4},"end":{"line":23,"column":30}},"7":{"start":{"line":24,"column":4},"end":{"line":24,"column":24}},"8":{"start":{"line":26,"column":4},"end":{"line":26,"column":68}},"9":{"start":{"line":29,"column":4},"end":{"line":29,"column":33}},"10":{"start":{"line":39,"column":16},"end":{"line":48,"column":5}},"11":{"start":{"line":51,"column":4},"end":{"line":53,"column":5}},"12":{"start":{"line":52,"column":6},"end":{"line":52,"column":48}},"13":{"start":{"line":56,"column":4},"end":{"line":56,"column":32}},"14":{"start":{"line":58,"column":4},"end":{"line":63,"column":7}},"15":{"start":{"line":66,"column":4},"end":{"line":68,"column":5}},"16":{"start":{"line":67,"column":6},"end":{"line":67,"column":29}},"17":{"start":{"line":70,"column":4},"end":{"line":70,"column":18}},"18":{"start":{"line":79,"column":19},"end":{"line":79,"column":24}},"19":{"start":{"line":80,"column":4},"end":{"line":86,"column":5}},"20":{"start":{"line":80,"column":17},"end":{"line":80,"column":18}},"21":{"start":{"line":81,"column":6},"end":{"line":85,"column":7}},"22":{"start":{"line":82,"column":8},"end":{"line":82,"column":37}},"23":{"start":{"line":83,"column":8},"end":{"line":83,"column":24}},"24":{"start":{"line":84,"column":8},"end":{"line":84,"column":14}},"25":{"start":{"line":88,"column":4},"end":{"line":90,"column":5}},"26":{"start":{"line":89,"column":6},"end":{"line":89,"column":27}},"27":{"start":{"line":99,"column":16},"end":{"line":99,"column":26}},"28":{"start":{"line":102,"column":23},"end":{"line":102,"column":25}},"29":{"start":{"line":103,"column":23},"end":{"line":103,"column":25}},"30":{"start":{"line":105,"column":4},"end":{"line":113,"column":5}},"31":{"start":{"line":105,"column":17},"end":{"line":105,"column":18}},"32":{"start":{"line":106,"column":18},"end":{"line":106,"column":31}},"33":{"start":{"line":109,"column":6},"end":{"line":112,"column":7}},"34":{"start":{"line":110,"column":8},"end":{"line":110,"column":25}},"35":{"start":{"line":111,"column":8},"end":{"line":111,"column":36}},"36":{"start":{"line":115,"column":4},"end":{"line":117,"column":5}},"37":{"start":{"line":116,"column":6},"end":{"line":116,"column":51}},"38":{"start":{"line":119,"column":4},"end":{"line":119,"column":16}},"39":{"start":{"line":127,"column":4},"end":{"line":127,"column":31}},"40":{"start":{"line":129,"column":4},"end":{"line":131,"column":5}},"41":{"start":{"line":130,"column":6},"end":{"line":130,"column":29}},"42":{"start":{"line":138,"column":4},"end":{"line":140,"column":5}},"43":{"start":{"line":139,"column":6},"end":{"line":139,"column":13}},"44":{"start":{"line":142,"column":4},"end":{"line":142,"column":29}},"45":{"start":{"line":143,"column":4},"end":{"line":143,"column":44}},"46":{"start":{"line":145,"column":4},"end":{"line":147,"column":36}},"47":{"start":{"line":146,"column":6},"end":{"line":146,"column":32}},"48":{"start":{"line":154,"column":4},"end":{"line":156,"column":5}},"49":{"start":{"line":155,"column":6},"end":{"line":155,"column":13}},"50":{"start":{"line":158,"column":4},"end":{"line":158,"column":30}},"51":{"start":{"line":160,"column":4},"end":{"line":163,"column":5}},"52":{"start":{"line":161,"column":6},"end":{"line":161,"column":45}},"53":{"start":{"line":162,"column":6},"end":{"line":162,"column":37}},"54":{"start":{"line":165,"column":4},"end":{"line":165,"column":44}},"55":{"start":{"line":173,"column":4},"end":{"line":175,"column":5}},"56":{"start":{"line":174,"column":6},"end":{"line":174,"column":13}},"57":{"start":{"line":178,"column":4},"end":{"line":217,"column":5}},"58":{"start":{"line":179,"column":18},"end":{"line":179,"column":36}},"59":{"start":{"line":181,"column":6},"end":{"line":183,"column":7}},"60":{"start":{"line":182,"column":8},"end":{"line":182,"column":14}},"61":{"start":{"line":185,"column":6},"end":{"line":185,"column":24}},"62":{"start":{"line":186,"column":6},"end":{"line":186,"column":39}},"63":{"start":{"line":189,"column":6},"end":{"line":216,"column":11}},"64":{"start":{"line":195,"column":10},"end":{"line":198,"column":13}},"65":{"start":{"line":201,"column":10},"end":{"line":210,"column":11}},"66":{"start":{"line":202,"column":12},"end":{"line":202,"column":34}},"67":{"start":{"line":203,"column":12},"end":{"line":203,"column":52}},"68":{"start":{"line":204,"column":12},"end":{"line":208,"column":14}},"69":{"start":{"line":209,"column":12},"end":{"line":209,"column":34}},"70":{"start":{"line":214,"column":10},"end":{"line":214,"column":28}},"71":{"start":{"line":215,"column":10},"end":{"line":215,"column":41}},"72":{"start":{"line":226,"column":22},"end":{"line":226,"column":44}},"73":{"start":{"line":228,"column":27},"end":{"line":232,"column":6}},"74":{"start":{"line":229,"column":6},"end":{"line":231,"column":20}},"75":{"start":{"line":230,"column":8},"end":{"line":230,"column":74}},"76":{"start":{"line":234,"column":4},"end":{"line":243,"column":5}},"77":{"start":{"line":236,"column":6},"end":{"line":239,"column":9}},"78":{"start":{"line":242,"column":6},"end":{"line":242,"column":18}},"79":{"start":{"line":252,"column":4},"end":{"line":252,"column":19}},"80":{"start":{"line":253,"column":4},"end":{"line":253,"column":30}},"81":{"start":{"line":254,"column":4},"end":{"line":254,"column":45}},"82":{"start":{"line":256,"column":4},"end":{"line":260,"column":7}},"83":{"start":{"line":262,"column":4},"end":{"line":316,"column":5}},"84":{"start":{"line":263,"column":21},"end":{"line":263,"column":51}},"85":{"start":{"line":266,"column":6},"end":{"line":266,"column":31}},"86":{"start":{"line":267,"column":6},"end":{"line":267,"column":49}},"87":{"start":{"line":268,"column":6},"end":{"line":268,"column":26}},"88":{"start":{"line":270,"column":6},"end":{"line":270,"column":31}},"89":{"start":{"line":272,"column":6},"end":{"line":275,"column":9}},"90":{"start":{"line":278,"column":6},"end":{"line":282,"column":9}},"91":{"start":{"line":285,"column":6},"end":{"line":315,"column":7}},"92":{"start":{"line":287,"column":8},"end":{"line":287,"column":32}},"93":{"start":{"line":288,"column":8},"end":{"line":288,"column":80}},"94":{"start":{"line":290,"column":8},"end":{"line":290,"column":36}},"95":{"start":{"line":292,"column":8},"end":{"line":296,"column":11}},"96":{"start":{"line":300,"column":8},"end":{"line":300,"column":30}},"97":{"start":{"line":301,"column":8},"end":{"line":301,"column":48}},"98":{"start":{"line":302,"column":8},"end":{"line":306,"column":10}},"99":{"start":{"line":308,"column":8},"end":{"line":308,"column":30}},"100":{"start":{"line":310,"column":8},"end":{"line":314,"column":11}},"101":{"start":{"line":326,"column":4},"end":{"line":328,"column":5}},"102":{"start":{"line":327,"column":6},"end":{"line":327,"column":40}},"103":{"start":{"line":331,"column":22},"end":{"line":331,"column":62}},"104":{"start":{"line":331,"column":45},"end":{"line":331,"column":61}},"105":{"start":{"line":332,"column":4},"end":{"line":334,"column":5}},"106":{"start":{"line":333,"column":6},"end":{"line":333,"column":23}},"107":{"start":{"line":337,"column":25},"end":{"line":337,"column":69}},"108":{"start":{"line":337,"column":52},"end":{"line":337,"column":68}},"109":{"start":{"line":338,"column":4},"end":{"line":340,"column":5}},"110":{"start":{"line":339,"column":6},"end":{"line":339,"column":26}},"111":{"start":{"line":343,"column":22},"end":{"line":343,"column":63}},"112":{"start":{"line":343,"column":46},"end":{"line":343,"column":62}},"113":{"start":{"line":344,"column":4},"end":{"line":346,"column":5}},"114":{"start":{"line":345,"column":6},"end":{"line":345,"column":23}},"115":{"start":{"line":348,"column":4},"end":{"line":348,"column":16}},"116":{"start":{"line":356,"column":4},"end":{"line":364,"column":6}},"117":{"start":{"line":372,"column":51},"end":{"line":372,"column":58}},"118":{"start":{"line":373,"column":23},"end":{"line":373,"column":42}},"119":{"start":{"line":376,"column":4},"end":{"line":378,"column":25}},"120":{"start":{"line":377,"column":21},"end":{"line":377,"column":69}},"121":{"start":{"line":381,"column":4},"end":{"line":383,"column":25}},"122":{"start":{"line":382,"column":21},"end":{"line":382,"column":66}},"123":{"start":{"line":385,"column":4},"end":{"line":388,"column":7}},"124":{"start":{"line":397,"column":4},"end":{"line":397,"column":74}},"125":{"start":{"line":404,"column":4},"end":{"line":404,"column":20}},"126":{"start":{"line":405,"column":4},"end":{"line":405,"column":28}},"127":{"start":{"line":406,"column":4},"end":{"line":406,"column":24}},"128":{"start":{"line":407,"column":4},"end":{"line":407,"column":21}},"129":{"start":{"line":408,"column":4},"end":{"line":408,"column":34}},"130":{"start":{"line":415,"column":4},"end":{"line":415,"column":26}},"131":{"start":{"line":416,"column":4},"end":{"line":416,"column":32}},"132":{"start":{"line":423,"column":4},"end":{"line":423,"column":27}},"133":{"start":{"line":424,"column":4},"end":{"line":424,"column":33}},"134":{"start":{"line":432,"column":4},"end":{"line":434,"column":44}},"135":{"start":{"line":433,"column":6},"end":{"line":433,"column":31}},"136":{"start":{"line":442,"column":16},"end":{"line":442,"column":26}},"137":{"start":{"line":443,"column":23},"end":{"line":443,"column":51}},"138":{"start":{"line":446,"column":4},"end":{"line":461,"column":5}},"139":{"start":{"line":447,"column":6},"end":{"line":460,"column":7}},"140":{"start":{"line":448,"column":8},"end":{"line":448,"column":78}},"141":{"start":{"line":450,"column":8},"end":{"line":450,"column":30}},"142":{"start":{"line":451,"column":8},"end":{"line":451,"column":48}},"143":{"start":{"line":452,"column":8},"end":{"line":456,"column":10}},"144":{"start":{"line":458,"column":8},"end":{"line":458,"column":30}},"145":{"start":{"line":459,"column":8},"end":{"line":459,"column":38}},"146":{"start":{"line":465,"column":0},"end":{"line":465,"column":28}}},"fnMap":{"0":{"name":"(anonymous_0)","decl":{"start":{"line":8,"column":2},"end":{"line":8,"column":3}},"loc":{"start":{"line":8,"column":27},"end":{"line":30,"column":3}},"line":8},"1":{"name":"(anonymous_1)","decl":{"start":{"line":38,"column":2},"end":{"line":38,"column":3}},"loc":{"start":{"line":38,"column":29},"end":{"line":71,"column":3}},"line":38},"2":{"name":"(anonymous_2)","decl":{"start":{"line":78,"column":2},"end":{"line":78,"column":3}},"loc":{"start":{"line":78,"column":25},"end":{"line":91,"column":3}},"line":78},"3":{"name":"(anonymous_3)","decl":{"start":{"line":98,"column":2},"end":{"line":98,"column":3}},"loc":{"start":{"line":98,"column":16},"end":{"line":120,"column":3}},"line":98},"4":{"name":"(anonymous_4)","decl":{"start":{"line":126,"column":2},"end":{"line":126,"column":3}},"loc":{"start":{"line":126,"column":27},"end":{"line":132,"column":3}},"line":126},"5":{"name":"(anonymous_5)","decl":{"start":{"line":137,"column":2},"end":{"line":137,"column":3}},"loc":{"start":{"line":137,"column":20},"end":{"line":148,"column":3}},"line":137},"6":{"name":"(anonymous_6)","decl":{"start":{"line":145,"column":42},"end":{"line":145,"column":43}},"loc":{"start":{"line":145,"column":54},"end":{"line":147,"column":5}},"line":145},"7":{"name":"(anonymous_7)","decl":{"start":{"line":153,"column":2},"end":{"line":153,"column":3}},"loc":{"start":{"line":153,"column":19},"end":{"line":166,"column":3}},"line":153},"8":{"name":"(anonymous_8)","decl":{"start":{"line":172,"column":2},"end":{"line":172,"column":3}},"loc":{"start":{"line":172,"column":23},"end":{"line":218,"column":3}},"line":172},"9":{"name":"(anonymous_9)","decl":{"start":{"line":190,"column":14},"end":{"line":190,"column":15}},"loc":{"start":{"line":190,"column":20},"end":{"line":192,"column":9}},"line":190},"10":{"name":"(anonymous_10)","decl":{"start":{"line":193,"column":15},"end":{"line":193,"column":16}},"loc":{"start":{"line":193,"column":26},"end":{"line":211,"column":9}},"line":193},"11":{"name":"(anonymous_11)","decl":{"start":{"line":212,"column":17},"end":{"line":212,"column":18}},"loc":{"start":{"line":212,"column":23},"end":{"line":216,"column":9}},"line":212},"12":{"name":"(anonymous_12)","decl":{"start":{"line":225,"column":2},"end":{"line":225,"column":3}},"loc":{"start":{"line":225,"column":36},"end":{"line":244,"column":3}},"line":225},"13":{"name":"(anonymous_13)","decl":{"start":{"line":228,"column":39},"end":{"line":228,"column":40}},"loc":{"start":{"line":228,"column":54},"end":{"line":232,"column":5}},"line":228},"14":{"name":"(anonymous_14)","decl":{"start":{"line":229,"column":17},"end":{"line":229,"column":18}},"loc":{"start":{"line":229,"column":23},"end":{"line":231,"column":7}},"line":229},"15":{"name":"(anonymous_15)","decl":{"start":{"line":251,"column":2},"end":{"line":251,"column":3}},"loc":{"start":{"line":251,"column":25},"end":{"line":317,"column":3}},"line":251},"16":{"name":"(anonymous_16)","decl":{"start":{"line":324,"column":2},"end":{"line":324,"column":3}},"loc":{"start":{"line":324,"column":16},"end":{"line":349,"column":3}},"line":324},"17":{"name":"(anonymous_17)","decl":{"start":{"line":331,"column":38},"end":{"line":331,"column":39}},"loc":{"start":{"line":331,"column":45},"end":{"line":331,"column":61}},"line":331},"18":{"name":"(anonymous_18)","decl":{"start":{"line":337,"column":45},"end":{"line":337,"column":46}},"loc":{"start":{"line":337,"column":52},"end":{"line":337,"column":68}},"line":337},"19":{"name":"(anonymous_19)","decl":{"start":{"line":343,"column":39},"end":{"line":343,"column":40}},"loc":{"start":{"line":343,"column":46},"end":{"line":343,"column":62}},"line":343},"20":{"name":"(anonymous_20)","decl":{"start":{"line":355,"column":2},"end":{"line":355,"column":3}},"loc":{"start":{"line":355,"column":13},"end":{"line":365,"column":3}},"line":355},"21":{"name":"(anonymous_21)","decl":{"start":{"line":371,"column":2},"end":{"line":371,"column":3}},"loc":{"start":{"line":371,"column":24},"end":{"line":389,"column":3}},"line":371},"22":{"name":"(anonymous_22)","decl":{"start":{"line":377,"column":14},"end":{"line":377,"column":15}},"loc":{"start":{"line":377,"column":21},"end":{"line":377,"column":69}},"line":377},"23":{"name":"(anonymous_23)","decl":{"start":{"line":382,"column":14},"end":{"line":382,"column":15}},"loc":{"start":{"line":382,"column":21},"end":{"line":382,"column":66}},"line":382},"24":{"name":"(anonymous_24)","decl":{"start":{"line":396,"column":2},"end":{"line":396,"column":3}},"loc":{"start":{"line":396,"column":19},"end":{"line":398,"column":3}},"line":396},"25":{"name":"(anonymous_25)","decl":{"start":{"line":403,"column":2},"end":{"line":403,"column":3}},"loc":{"start":{"line":403,"column":10},"end":{"line":409,"column":3}},"line":403},"26":{"name":"(anonymous_26)","decl":{"start":{"line":414,"column":2},"end":{"line":414,"column":3}},"loc":{"start":{"line":414,"column":10},"end":{"line":417,"column":3}},"line":414},"27":{"name":"(anonymous_27)","decl":{"start":{"line":422,"column":2},"end":{"line":422,"column":3}},"loc":{"start":{"line":422,"column":11},"end":{"line":425,"column":3}},"line":422},"28":{"name":"(anonymous_28)","decl":{"start":{"line":431,"column":2},"end":{"line":431,"column":3}},"loc":{"start":{"line":431,"column":26},"end":{"line":435,"column":3}},"line":431},"29":{"name":"(anonymous_29)","decl":{"start":{"line":432,"column":16},"end":{"line":432,"column":17}},"loc":{"start":{"line":432,"column":22},"end":{"line":434,"column":5}},"line":432},"30":{"name":"(anonymous_30)","decl":{"start":{"line":441,"column":2},"end":{"line":441,"column":3}},"loc":{"start":{"line":441,"column":22},"end":{"line":462,"column":3}},"line":441}},"branchMap":{"0":{"loc":{"start":{"line":8,"column":14},"end":{"line":8,"column":25}},"type":"default-arg","locations":[{"start":{"line":8,"column":23},"end":{"line":8,"column":25}}],"line":8},"1":{"loc":{"start":{"line":10,"column":18},"end":{"line":10,"column":62}},"type":"binary-expr","locations":[{"start":{"line":10,"column":18},"end":{"line":10,"column":57}},{"start":{"line":10,"column":61},"end":{"line":10,"column":62}}],"line":10},"2":{"loc":{"start":{"line":11,"column":18},"end":{"line":11,"column":65}},"type":"binary-expr","locations":[{"start":{"line":11,"column":18},"end":{"line":11,"column":57}},{"start":{"line":11,"column":61},"end":{"line":11,"column":65}}],"line":11},"3":{"loc":{"start":{"line":12,"column":22},"end":{"line":12,"column":70}},"type":"binary-expr","locations":[{"start":{"line":12,"column":22},"end":{"line":12,"column":65}},{"start":{"line":12,"column":69},"end":{"line":12,"column":70}}],"line":12},"4":{"loc":{"start":{"line":13,"column":23},"end":{"line":13,"column":75}},"type":"binary-expr","locations":[{"start":{"line":13,"column":23},"end":{"line":13,"column":67}},{"start":{"line":13,"column":71},"end":{"line":13,"column":75}}],"line":13},"5":{"loc":{"start":{"line":14,"column":18},"end":{"line":14,"column":66}},"type":"binary-expr","locations":[{"start":{"line":14,"column":18},"end":{"line":14,"column":57}},{"start":{"line":14,"column":61},"end":{"line":14,"column":66}}],"line":14},"6":{"loc":{"start":{"line":15,"column":31},"end":{"line":15,"column":94}},"type":"binary-expr","locations":[{"start":{"line":15,"column":31},"end":{"line":15,"column":85}},{"start":{"line":15,"column":89},"end":{"line":15,"column":94}}],"line":15},"7":{"loc":{"start":{"line":38,"column":15},"end":{"line":38,"column":27}},"type":"default-arg","locations":[{"start":{"line":38,"column":25},"end":{"line":38,"column":27}}],"line":38},"8":{"loc":{"start":{"line":46,"column":16},"end":{"line":46,"column":57}},"type":"binary-expr","locations":[{"start":{"line":46,"column":16},"end":{"line":46,"column":32}},{"start":{"line":46,"column":36},"end":{"line":46,"column":52}},{"start":{"line":46,"column":56},"end":{"line":46,"column":57}}],"line":46},"9":{"loc":{"start":{"line":47,"column":13},"end":{"line":47,"column":48}},"type":"binary-expr","locations":[{"start":{"line":47,"column":13},"end":{"line":47,"column":26}},{"start":{"line":47,"column":30},"end":{"line":47,"column":43}},{"start":{"line":47,"column":47},"end":{"line":47,"column":48}}],"line":47},"10":{"loc":{"start":{"line":51,"column":4},"end":{"line":53,"column":5}},"type":"if","locations":[{"start":{"line":51,"column":4},"end":{"line":53,"column":5}},{"start":{},"end":{}}],"line":51},"11":{"loc":{"start":{"line":66,"column":4},"end":{"line":68,"column":5}},"type":"if","locations":[{"start":{"line":66,"column":4},"end":{"line":68,"column":5}},{"start":{},"end":{}}],"line":66},"12":{"loc":{"start":{"line":81,"column":6},"end":{"line":85,"column":7}},"type":"if","locations":[{"start":{"line":81,"column":6},"end":{"line":85,"column":7}},{"start":{},"end":{}}],"line":81},"13":{"loc":{"start":{"line":88,"column":4},"end":{"line":90,"column":5}},"type":"if","locations":[{"start":{"line":88,"column":4},"end":{"line":90,"column":5}},{"start":{},"end":{}}],"line":88},"14":{"loc":{"start":{"line":109,"column":6},"end":{"line":112,"column":7}},"type":"if","locations":[{"start":{"line":109,"column":6},"end":{"line":112,"column":7}},{"start":{},"end":{}}],"line":109},"15":{"loc":{"start":{"line":109,"column":10},"end":{"line":109,"column":87}},"type":"binary-expr","locations":[{"start":{"line":109,"column":11},"end":{"line":109,"column":28}},{"start":{"line":109,"column":32},"end":{"line":109,"column":55}},{"start":{"line":109,"column":60},"end":{"line":109,"column":87}}],"line":109},"16":{"loc":{"start":{"line":115,"column":4},"end":{"line":117,"column":5}},"type":"if","locations":[{"start":{"line":115,"column":4},"end":{"line":117,"column":5}},{"start":{},"end":{}}],"line":115},"17":{"loc":{"start":{"line":129,"column":4},"end":{"line":131,"column":5}},"type":"if","locations":[{"start":{"line":129,"column":4},"end":{"line":131,"column":5}},{"start":{},"end":{}}],"line":129},"18":{"loc":{"start":{"line":138,"column":4},"end":{"line":140,"column":5}},"type":"if","locations":[{"start":{"line":138,"column":4},"end":{"line":140,"column":5}},{"start":{},"end":{}}],"line":138},"19":{"loc":{"start":{"line":154,"column":4},"end":{"line":156,"column":5}},"type":"if","locations":[{"start":{"line":154,"column":4},"end":{"line":156,"column":5}},{"start":{},"end":{}}],"line":154},"20":{"loc":{"start":{"line":160,"column":4},"end":{"line":163,"column":5}},"type":"if","locations":[{"start":{"line":160,"column":4},"end":{"line":163,"column":5}},{"start":{},"end":{}}],"line":160},"21":{"loc":{"start":{"line":173,"column":4},"end":{"line":175,"column":5}},"type":"if","locations":[{"start":{"line":173,"column":4},"end":{"line":175,"column":5}},{"start":{},"end":{}}],"line":173},"22":{"loc":{"start":{"line":181,"column":6},"end":{"line":183,"column":7}},"type":"if","locations":[{"start":{"line":181,"column":6},"end":{"line":183,"column":7}},{"start":{},"end":{}}],"line":181},"23":{"loc":{"start":{"line":201,"column":10},"end":{"line":210,"column":11}},"type":"if","locations":[{"start":{"line":201,"column":10},"end":{"line":210,"column":11}},{"start":{},"end":{}}],"line":201},"24":{"loc":{"start":{"line":205,"column":23},"end":{"line":205,"column":66}},"type":"binary-expr","locations":[{"start":{"line":205,"column":23},"end":{"line":205,"column":36}},{"start":{"line":205,"column":40},"end":{"line":205,"column":66}}],"line":205},"25":{"loc":{"start":{"line":285,"column":6},"end":{"line":315,"column":7}},"type":"if","locations":[{"start":{"line":285,"column":6},"end":{"line":315,"column":7}},{"start":{"line":298,"column":13},"end":{"line":315,"column":7}}],"line":285},"26":{"loc":{"start":{"line":285,"column":10},"end":{"line":285,"column":68}},"type":"binary-expr","locations":[{"start":{"line":285,"column":10},"end":{"line":285,"column":39}},{"start":{"line":285,"column":43},"end":{"line":285,"column":68}}],"line":285},"27":{"loc":{"start":{"line":326,"column":4},"end":{"line":328,"column":5}},"type":"if","locations":[{"start":{"line":326,"column":4},"end":{"line":328,"column":5}},{"start":{},"end":{}}],"line":326},"28":{"loc":{"start":{"line":332,"column":4},"end":{"line":334,"column":5}},"type":"if","locations":[{"start":{"line":332,"column":4},"end":{"line":334,"column":5}},{"start":{},"end":{}}],"line":332},"29":{"loc":{"start":{"line":338,"column":4},"end":{"line":340,"column":5}},"type":"if","locations":[{"start":{"line":338,"column":4},"end":{"line":340,"column":5}},{"start":{},"end":{}}],"line":338},"30":{"loc":{"start":{"line":344,"column":4},"end":{"line":346,"column":5}},"type":"if","locations":[{"start":{"line":344,"column":4},"end":{"line":346,"column":5}},{"start":{},"end":{}}],"line":344},"31":{"loc":{"start":{"line":371,"column":10},"en
[...]
ekode/Documents/email/src/utils/IdempotencyManager.js": {"path":"/home/dekode/Documents/email/src/utils/IdempotencyManager.js","statementMap":{"0":{"start":{"line":1,"column":15},"end":{"line":1,"column":34}},"1":{"start":{"line":12,"column":4},"end":{"line":12,"column":27}},"2":{"start":{"line":13,"column":4},"end":{"line":13,"column":65}},"3":{"start":{"line":16,"column":4},"end":{"line":16,"column":32}},"4":{"start":{"line":25,"column":4},"end":{"line":27,"column":5}},"5":{"start":{"line":26,"column":6},"end":{"line":26,"column":53}},"6":{"start":{"line":29,"column":18},"end":{"line":29,"column":48}},"7":{"start":{"line":31,"column":4},"end":{"line":33,"column":5}},"8":{"start":{"line":32,"column":6},"end":{"line":32,"column":18}},"9":{"start":{"line":36,"column":4},"end":{"line":40,"column":5}},"10":{"start":{"line":37,"column":6},"end":{"line":37,"column":40}},"11":{"start":{"line":38,"column":6},"end":{"line":38,"column":68}},"12":{"start":{"line":39,"column":6},"end":{"line":39,"column":18}},"13":{"start":{"line":42,"column":4},"end":{"line":46,"column":7}},"14":{"start":{"line":48,"column":4},"end":{"line":48,"column":17}},"15":{"start":{"line":58,"column":4},"end":{"line":60,"column":5}},"16":{"start":{"line":59,"column":6},"end":{"line":59,"column":53}},"17":{"start":{"line":62,"column":18},"end":{"line":68,"column":5}},"18":{"start":{"line":70,"column":4},"end":{"line":70,"column":42}},"19":{"start":{"line":72,"column":4},"end":{"line":76,"column":7}},"20":{"start":{"line":85,"column":4},"end":{"line":90,"column":18}},"21":{"start":{"line":99,"column":4},"end":{"line":102,"column":20}},"22":{"start":{"line":111,"column":4},"end":{"line":118,"column":17}},"23":{"start":{"line":127,"column":21},"end":{"line":127,"column":45}},"24":{"start":{"line":128,"column":4},"end":{"line":130,"column":5}},"25":{"start":{"line":129,"column":6},"end":{"line":129,"column":51}},"26":{"start":{"line":132,"column":25},"end":{"line":139,"column":5}},"27":{"start":{"line":141,"column":4},"end":{"line":141,"column":49}},"28":{"start":{"line":143,"column":4},"end":{"line":143,"column":75}},"29":{"start":{"line":151,"column":20},"end":{"line":151,"column":53}},"30":{"start":{"line":152,"column":4},"end":{"line":154,"column":5}},"31":{"start":{"line":153,"column":6},"end":{"line":153,"column":68}},"32":{"start":{"line":155,"column":4},"end":{"line":155,"column":19}},"33":{"start":{"line":163,"column":20},"end":{"line":163,"column":51}},"34":{"start":{"line":164,"column":16},"end":{"line":164,"column":26}},"35":{"start":{"line":166,"column":18},"end":{"line":172,"column":5}},"36":{"start":{"line":174,"column":4},"end":{"line":180,"column":7}},"37":{"start":{"line":175,"column":6},"end":{"line":179,"column":7}},"38":{"start":{"line":176,"column":8},"end":{"line":176,"column":24}},"39":{"start":{"line":178,"column":8},"end":{"line":178,"column":30}},"40":{"start":{"line":182,"column":4},"end":{"line":182,"column":17}},"41":{"start":{"line":189,"column":16},"end":{"line":189,"column":26}},"42":{"start":{"line":190,"column":18},"end":{"line":190,"column":19}},"43":{"start":{"line":192,"column":4},"end":{"line":197,"column":5}},"44":{"start":{"line":193,"column":6},"end":{"line":196,"column":7}},"45":{"start":{"line":194,"column":8},"end":{"line":194,"column":31}},"46":{"start":{"line":195,"column":8},"end":{"line":195,"column":18}},"47":{"start":{"line":199,"column":4},"end":{"line":201,"column":5}},"48":{"start":{"line":200,"column":6},"end":{"line":200,"column":81}},"49":{"start":{"line":203,"column":4},"end":{"line":203,"column":19}},"50":{"start":{"line":211,"column":23},"end":{"line":211,"column":72}},"51":{"start":{"line":213,"column":4},"end":{"line":215,"column":19}},"52":{"start":{"line":214,"column":6},"end":{"line":214,"column":28}},"53":{"start":{"line":217,"column":4},"end":{"line":217,"column":72}},"54":{"start":{"line":224,"column":4},"end":{"line":224,"column":23}},"55":{"start":{"line":225,"column":4},"end":{"line":225,"column":46}},"56":{"start":{"line":233,"column":4},"end":{"line":233,"column":43}},"57":{"start":{"line":242,"column":21},"end":{"line":242,"column":45}},"58":{"start":{"line":243,"column":4},"end":{"line":245,"column":5}},"59":{"start":{"line":244,"column":6},"end":{"line":244,"column":51}},"60":{"start":{"line":248,"column":28},"end":{"line":248,"column":79}},"61":{"start":{"line":249,"column":24},"end":{"line":249,"column":43}},"62":{"start":{"line":251,"column":25},"end":{"line":259,"column":5}},"63":{"start":{"line":261,"column":4},"end":{"line":261,"column":49}},"64":{"start":{"line":263,"column":4},"end":{"line":267,"column":7}},"65":{"start":{"line":269,"column":4},"end":{"line":269,"column":23}},"66":{"start":{"line":274,"column":0},"end":{"line":274,"column":42}}},"fnMap":{"0":{"name":"(anonymous_0)","decl":{"start":{"line":9,"column":2},"end":{"line":9,"column":3}},"loc":{"start":{"line":9,"column":16},"end":{"line":17,"column":3}},"line":9},"1":{"name":"(anonymous_1)","decl":{"start":{"line":24,"column":2},"end":{"line":24,"column":3}},"loc":{"start":{"line":24,"column":22},"end":{"line":49,"column":3}},"line":24},"2":{"name":"(anonymous_2)","decl":{"start":{"line":57,"column":2},"end":{"line":57,"column":3}},"loc":{"start":{"line":57,"column":52},"end":{"line":77,"column":3}},"line":57},"3":{"name":"(anonymous_3)","decl":{"start":{"line":84,"column":2},"end":{"line":84,"column":3}},"loc":{"start":{"line":84,"column":47},"end":{"line":91,"column":3}},"line":84},"4":{"name":"(anonymous_4)","decl":{"start":{"line":98,"column":2},"end":{"line":98,"column":3}},"loc":{"start":{"line":98,"column":42},"end":{"line":103,"column":3}},"line":98},"5":{"name":"(anonymous_5)","decl":{"start":{"line":110,"column":2},"end":{"line":110,"column":3}},"loc":{"start":{"line":110,"column":38},"end":{"line":119,"column":3}},"line":110},"6":{"name":"(anonymous_6)","decl":{"start":{"line":126,"column":2},"end":{"line":126,"column":3}},"loc":{"start":{"line":126,"column":34},"end":{"line":144,"column":3}},"line":126},"7":{"name":"(anonymous_7)","decl":{"start":{"line":150,"column":2},"end":{"line":150,"column":3}},"loc":{"start":{"line":150,"column":25},"end":{"line":156,"column":3}},"line":150},"8":{"name":"(anonymous_8)","decl":{"start":{"line":162,"column":2},"end":{"line":162,"column":3}},"loc":{"start":{"line":162,"column":13},"end":{"line":183,"column":3}},"line":162},"9":{"name":"(anonymous_9)","decl":{"start":{"line":174,"column":20},"end":{"line":174,"column":21}},"loc":{"start":{"line":174,"column":29},"end":{"line":180,"column":5}},"line":174},"10":{"name":"(anonymous_10)","decl":{"start":{"line":188,"column":2},"end":{"line":188,"column":3}},"loc":{"start":{"line":188,"column":19},"end":{"line":204,"column":3}},"line":188},"11":{"name":"(anonymous_11)","decl":{"start":{"line":209,"column":2},"end":{"line":209,"column":3}},"loc":{"start":{"line":209,"column":25},"end":{"line":218,"column":3}},"line":209},"12":{"name":"(anonymous_12)","decl":{"start":{"line":213,"column":16},"end":{"line":213,"column":17}},"loc":{"start":{"line":213,"column":22},"end":{"line":215,"column":5}},"line":213},"13":{"name":"(anonymous_13)","decl":{"start":{"line":223,"column":2},"end":{"line":223,"column":3}},"loc":{"start":{"line":223,"column":10},"end":{"line":226,"column":3}},"line":223},"14":{"name":"(anonymous_14)","decl":{"start":{"line":232,"column":2},"end":{"line":232,"column":3}},"loc":{"start":{"line":232,"column":18},"end":{"line":234,"column":3}},"line":232},"15":{"name":"(anonymous_15)","decl":{"start":{"line":241,"column":2},"end":{"line":241,"column":3}},"loc":{"start":{"line":241,"column":36},"end":{"line":270,"column":3}},"line":241}},"branchMap":{"0":{"loc":{"start":{"line":13,"column":15},"end":{"line":13,"column":64}},"type":"binary-expr","locations":[{"start":{"line":13,"column":15},"end":{"line":13,"column":52}},{"start":{"line":13,"column":56},"end":{"line":13,"column":64}}],"line":13},"1":{"loc":{"start":{"line":25,"column":4},"end":{"line":27,"column":5}},"type":"if","locations":[{"start":{"line":25,"column":4},"end":{"line":27,"column":5}},{"start":{},"end":{}}],"line":25},"2":{"loc":{"start":{"line":31,"column":4},"end":{"line":33,"column":5}},"type":"if","locations":[{"start":{"line":31,"column":4},"end":{"line":33,"column":5}},{"start":{},"end":{}}],"line":31},"3":{"loc":{"start":{"line":36,"column":4},"end":{"line":40,"column":5}},"type":"if","locations":[{"start":{"line":36,"column":4},"end":{"line":40,"column":5}},{"start":{},"end":{}}],"line":36},"4":{"loc":{"start":{"line":57,"column":30},"end":{"line":57,"column":50}},"type":"default-arg","locations":[{"start":{"line":57,"column":39},"end":{"line":57,"column":50}}],"line":57},"5":{"loc":{"start":{"line":58,"column":4},"end":{"line":60,"column":5}},"type":"if","locations":[{"start":{"line":58,"column":4},"end":{"line":60,"column":5}},{"start":{},"end":{}}],"line":58},"6":{"loc":{"start":{"line":84,"column":32},"end":{"line":84,"column":45}},"type":"default-arg","locations":[{"start":{"line":84,"column":43},"end":{"line":84,"column":45}}],"line":84},"7":{"loc":{"start":{"line":128,"column":4},"end":{"line":130,"column":5}},"type":"if","locations":[{"start":{"line":128,"column":4},"end":{"line":130,"column":5}},{"start":{},"end":{}}],"line":128},"8":{"loc":{"start":{"line":152,"column":4},"end":{"line":154,"column":5}},"type":"if","locations":[{"start":{"line":152,"column":4},"end":{"line":154,"column":5}},{"start":{},"end":{}}],"line":152},"9":{"loc":{"start":{"line":175,"column":6},"end":{"line":179,"column":7}},"type":"if","locations":[{"start":{"line":175,"column":6},"end":{"line":179,"column":7}},{"start":{"line":177,"column":13},"end":{"line":179,"column":7}}],"line":175},"10":{"loc":{"start":{"line":193,"column":6},"end":{"line":196,"column":7}},"type":"if","locations":[{"start":{"line":193,"column":6},"end":{"line":196,"column":7}},{"start":{},"end":{}}],"line":193},"11":{"loc":{"start":{"line":199,"column":4},"end":{"line":201,"column":5}},"type":"if","locations":[{"start":{"line":199,"column":4},"end":{"line":201,"column":5}},{"start":{},"end":{}}],"line":199},"12":{"loc":{"start":{"line":211,"column":23},"end":{"line":211,"column":72}},"type":"binary-expr","locations":[{"start":{"line":211,"column":23},"end":{"line":211,"column":61}},{"start":{"line":211,"column":65},"end":{"line":211,"column":72}}],"line":211},"13":{"loc":{"start":{"line":243,"column":4},"end":{"line":245,"column":5}},"type":"if","locations":[{"start":{"line":243,"column":4},"end":{"line":245,"column":5}},{"start":{},"end":{}}],"line":243},"14":{"loc":{"start":{"line":248,"column":28},"end":{"line":248,"column":79}},"type":"binary-expr","locations":[{"start":{"line":248,"column":28},"end":{"line":248,"column":45}},{"start":{"line":248,"column":49},"end":{"line":248,"column":74}},{"start":{"line":248,"column":78},"end":{"line":248,"column":79}}],"line":248}},"s":{"0":2,"1":2,"2":2,"3":2,"4":45,"5":0,"6":45,"7":45,"8":21,"9":24,"10":0,"11":0,"12":0,"13":24,"14":24,"15":43,"16":0,"17":43,"18":43,"19":43,"20":19,"21":24,"22":0,"23":10,"24":10,"25":0,"26":10,"27":10,"28":10,"29":0,"30":0,"31":0,"32":0,"33":2,"34":2,"35":2,"36":2,"37":6,"38":0,"39":6,"40":2,"41":0,"42":0,"43":0,"44":0,"45":0,"46":0,"47":0,"48":0,"49":0,"50":2,"51":2,"52":0,"53":2,"54":21,"55":21,"56":0,"57":10,"58":10,"59":0,"60":10,"61":10,"62":10,"63":10,"64":10,"65":10,"66":2},"f":{"0":2,"1":45,"2":43,"3":19,"4":24,"5":0,"6":10,"7":0,"8":2,"9":6,"10":0,"11":2,"12":0,"13":21,"14":0,"15":10},"b":{"0":[2,1],"1":[0,45],"2":[21,24],"3":[0,24],"4":[0],"5":[0,43],"6":[0],"7":[0,10],"8":[0,0],"9":[0,6],"10":[0,0],"11":[0,0],"12":[2,1],"13":[0,10],"14":[10,9,9]},"_coverageSchema":"1a1c01bbd47fc00a2c39e90264f33305004495a9","hash":"c27c16b21fb05a36ff39c0f203106124a9b10a27"}
,"/home/dekode/Documents/email/src/utils/Logger.js": {"path":"/home/dekode/Documents/email/src/utils/Logger.js","statementMap":{"0":{"start":{"line":7,"column":4},"end":{"line":7,"column":52}},"1":{"start":{"line":8,"column":4},"end":{"line":13,"column":6}},"2":{"start":{"line":22,"column":4},"end":{"line":22,"column":60}},"3":{"start":{"line":33,"column":22},"end":{"line":33,"column":46}},"4":{"start":{"line":34,"column":20},"end":{"line":34,"column":82}},"5":{"start":{"line":35,"column":4},"end":{"line":35,"column":73}},"6":{"start":{"line":44,"column":4},"end":{"line":46,"column":5}},"7":{"start":{"line":45,"column":6},"end":{"line":45,"column":64}},"8":{"start":{"line":55,"column":4},"end":{"line":57,"column":5}},"9":{"start":{"line":56,"column":6},"end":{"line":56,"column":62}},"10":{"start":{"line":66,"column":4},"end":{"line":68,"column":5}},"11":{"start":{"line":67,"column":6},"end":{"line":67,"column":61}},"12":{"start":{"line":77,"column":4},"end":{"line":79,"column":5}},"13":{"start":{"line":78,"column":6},"end":{"line":78,"column":62}},"14":{"start":{"line":88,"column":24},"end":{"line":88,"column":36}},"15":{"start":{"line":89,"column":4},"end":{"line":89,"column":41}},"16":{"start":{"line":92,"column":34},"end":{"line":92,"column":77}},"17":{"start":{"line":93,"column":4},"end":{"line":95,"column":6}},"18":{"start":{"line":94,"column":6},"end":{"line":94,"column":76}},"19":{"start":{"line":97,"column":4},"end":{"line":97,"column":23}},"20":{"start":{"line":108,"column":4},"end":{"line":113,"column":7}},"21":{"start":{"line":123,"column":18},"end":{"line":123,"column":44}},"22":{"start":{"line":124,"column":4},"end":{"line":128,"column":7}},"23":{"start":{"line":138,"column":4},"end":{"line":142,"column":7}},"24":{"start":{"line":152,"column":4},"end":{"line":156,"column":7}},"25":{"start":{"line":161,"column":0},"end":{"line":161,"column":30}}},"fnMap":{"0":{"name":"(anonymous_0)","decl":{"start":{"line":6,"column":2},"end":{"line":6,"column":3}},"loc":{"start":{"line":6,"column":16},"end":{"line":14,"column":3}},"line":6},"1":{"name":"(anonymous_1)","decl":{"start":{"line":21,"column":2},"end":{"line":21,"column":3}},"loc":{"start":{"line":21,"column":19},"end":{"line":23,"column":3}},"line":21},"2":{"name":"(anonymous_2)","decl":{"start":{"line":32,"column":2},"end":{"line":32,"column":3}},"loc":{"start":{"line":32,"column":43},"end":{"line":36,"column":3}},"line":32},"3":{"name":"(anonymous_3)","decl":{"start":{"line":43,"column":2},"end":{"line":43,"column":3}},"loc":{"start":{"line":43,"column":28},"end":{"line":47,"column":3}},"line":43},"4":{"name":"(anonymous_4)","decl":{"start":{"line":54,"column":2},"end":{"line":54,"column":3}},"loc":{"start":{"line":54,"column":27},"end":{"line":58,"column":3}},"line":54},"5":{"name":"(anonymous_5)","decl":{"start":{"line":65,"column":2},"end":{"line":65,"column":3}},"loc":{"start":{"line":65,"column":27},"end":{"line":69,"column":3}},"line":65},"6":{"name":"(anonymous_6)","decl":{"start":{"line":76,"column":2},"end":{"line":76,"column":3}},"loc":{"start":{"line":76,"column":28},"end":{"line":80,"column":3}},"line":76},"7":{"name":"(anonymous_7)","decl":{"start":{"line":87,"column":2},"end":{"line":87,"column":3}},"loc":{"start":{"line":87,"column":22},"end":{"line":98,"column":3}},"line":87},"8":{"name":"(anonymous_8)","decl":{"start":{"line":93,"column":32},"end":{"line":93,"column":33}},"loc":{"start":{"line":93,"column":63},"end":{"line":95,"column":5}},"line":93},"9":{"name":"(anonymous_9)","decl":{"start":{"line":107,"column":2},"end":{"line":107,"column":3}},"loc":{"start":{"line":107,"column":66},"end":{"line":114,"column":3}},"line":107},"10":{"name":"(anonymous_10)","decl":{"start":{"line":122,"column":2},"end":{"line":122,"column":3}},"loc":{"start":{"line":122,"column":55},"end":{"line":129,"column":3}},"line":122},"11":{"name":"(anonymous_11)","decl":{"start":{"line":137,"column":2},"end":{"line":137,"column":3}},"loc":{"start":{"line":137,"column":42},"end":{"line":143,"column":3}},"line":137},"12":{"name":"(anonymous_12)","decl":{"start":{"line":151,"column":2},"end":{"line":151,"column":3}},"loc":{"start":{"line":151,"column":51},"end":{"line":157,"column":3}},"line":151}},"branchMap":{"0":{"loc":{"start":{"line":7,"column":20},"end":{"line":7,"column":51}},"type":"binary-expr","locations":[{"start":{"line":7,"column":20},"end":{"line":7,"column":41}},{"start":{"line":7,"column":45},"end":{"line":7,"column":51}}],"line":7},"1":{"loc":{"start":{"line":32,"column":32},"end":{"line":32,"column":41}},"type":"default-arg","locations":[{"start":{"line":32,"column":39},"end":{"line":32,"column":41}}],"line":32},"2":{"loc":{"start":{"line":34,"column":20},"end":{"line":34,"column":82}},"type":"cond-expr","locations":[{"start":{"line":34,"column":51},"end":{"line":34,"column":77}},{"start":{"line":34,"column":80},"end":{"line":34,"column":82}}],"line":34},"3":{"loc":{"start":{"line":43,"column":17},"end":{"line":43,"column":26}},"type":"default-arg","locations":[{"start":{"line":43,"column":24},"end":{"line":43,"column":26}}],"line":43},"4":{"loc":{"start":{"line":44,"column":4},"end":{"line":46,"column":5}},"type":"if","locations":[{"start":{"line":44,"column":4},"end":{"line":46,"column":5}},{"start":{},"end":{}}],"line":44},"5":{"loc":{"start":{"line":54,"column":16},"end":{"line":54,"column":25}},"type":"default-arg","locations":[{"start":{"line":54,"column":23},"end":{"line":54,"column":25}}],"line":54},"6":{"loc":{"start":{"line":55,"column":4},"end":{"line":57,"column":5}},"type":"if","locations":[{"start":{"line":55,"column":4},"end":{"line":57,"column":5}},{"start":{},"end":{}}],"line":55},"7":{"loc":{"start":{"line":65,"column":16},"end":{"line":65,"column":25}},"type":"default-arg","locations":[{"start":{"line":65,"column":23},"end":{"line":65,"column":25}}],"line":65},"8":{"loc":{"start":{"line":66,"column":4},"end":{"line":68,"column":5}},"type":"if","locations":[{"start":{"line":66,"column":4},"end":{"line":68,"column":5}},{"start":{},"end":{}}],"line":66},"9":{"loc":{"start":{"line":76,"column":17},"end":{"line":76,"column":26}},"type":"default-arg","locations":[{"start":{"line":76,"column":24},"end":{"line":76,"column":26}}],"line":76},"10":{"loc":{"start":{"line":77,"column":4},"end":{"line":79,"column":5}},"type":"if","locations":[{"start":{"line":77,"column":4},"end":{"line":79,"column":5}},{"start":{},"end":{}}],"line":77},"11":{"loc":{"start":{"line":87,"column":8},"end":{"line":87,"column":20}},"type":"default-arg","locations":[{"start":{"line":87,"column":18},"end":{"line":87,"column":20}}],"line":87},"12":{"loc":{"start":{"line":93,"column":49},"end":{"line":93,"column":58}},"type":"default-arg","locations":[{"start":{"line":93,"column":56},"end":{"line":93,"column":58}}],"line":93},"13":{"loc":{"start":{"line":107,"column":52},"end":{"line":107,"column":64}},"type":"default-arg","locations":[{"start":{"line":107,"column":62},"end":{"line":107,"column":64}}],"line":107},"14":{"loc":{"start":{"line":122,"column":42},"end":{"line":122,"column":53}},"type":"default-arg","locations":[{"start":{"line":122,"column":51},"end":{"line":122,"column":53}}],"line":122},"15":{"loc":{"start":{"line":123,"column":18},"end":{"line":123,"column":44}},"type":"cond-expr","locations":[{"start":{"line":123,"column":28},"end":{"line":123,"column":34}},{"start":{"line":123,"column":37},"end":{"line":123,"column":44}}],"line":123},"16":{"loc":{"start":{"line":151,"column":37},"end":{"line":151,"column":49}},"type":"default-arg","locations":[{"start":{"line":151,"column":47},"end":{"line":151,"column":49}}],"line":151}},"s":{"0":2,"1":2,"2":366,"3":104,"4":104,"5":104,"6":3,"7":3,"8":8,"9":8,"10":93,"11":93,"12":262,"13":0,"14":0,"15":0,"16":0,"17":0,"18":0,"19":0,"20":0,"21":0,"22":0,"23":1,"24":6,"25":2},"f":{"0":2,"1":366,"2":104,"3":3,"4":8,"5":93,"6":262,"7":0,"8":0,"9":0,"10":0,"11":1,"12":6},"b":{"0":[2,1],"1":[0],"2":[85,19],"3":[0],"4":[3,0],"5":[0],"6":[8,0],"7":[19],"8":[93,0],"9":[52],"10":[0,262],"11":[0],"12":[0],"13":[0],"14":[0],"15":[0,0],"16":[0]},"_coverageSchema":"1a1c01bbd47fc00a2c39e90264f33305004495a9","hash":"bdbbfdda22475a940e3c9be5b447de877fcf87d3"}
}
