TN:
SF:src/middleware/validation.js
FN:4,(anonymous_0)
FN:72,(anonymous_1)
FN:116,(anonymous_2)
FN:127,(anonymous_3)
FNF:4
FNH:3
FNDA:18,(anonymous_0)
FNDA:0,(anonymous_1)
FNDA:33,(anonymous_2)
FNDA:33,(anonymous_3)
DA:4,1
DA:5,18
DA:7,18
DA:9,18
DA:10,0
DA:11,18
DA:12,0
DA:15,18
DA:16,18
DA:17,1
DA:21,18
DA:22,0
DA:23,18
DA:24,0
DA:25,18
DA:26,0
DA:29,18
DA:30,1
DA:31,17
DA:32,0
DA:33,17
DA:34,0
DA:37,18
DA:38,1
DA:39,17
DA:40,0
DA:41,17
DA:42,0
DA:46,18
DA:47,1
DA:48,1
DA:52,18
DA:53,1
DA:54,1
DA:58,18
DA:59,4
DA:66,14
DA:72,1
DA:73,0
DA:76,0
DA:77,0
DA:83,0
DA:84,0
DA:85,0
DA:89,0
DA:90,0
DA:91,0
DA:96,0
DA:97,0
DA:98,0
DA:106,0
DA:107,0
DA:110,0
DA:116,1
DA:117,33
DA:120,33
DA:127,33
DA:128,33
DA:129,33
DA:132,33
DA:135,1
LF:61
LH:37
BRDA:9,0,0,0
BRDA:9,0,1,18
BRDA:11,1,0,0
BRDA:11,1,1,18
BRDA:16,2,0,1
BRDA:16,2,1,17
BRDA:21,3,0,0
BRDA:21,3,1,18
BRDA:23,4,0,0
BRDA:23,4,1,18
BRDA:25,5,0,0
BRDA:25,5,1,18
BRDA:29,6,0,1
BRDA:29,6,1,17
BRDA:31,7,0,0
BRDA:31,7,1,17
BRDA:33,8,0,0
BRDA:33,8,1,17
BRDA:37,9,0,1
BRDA:37,9,1,17
BRDA:39,10,0,0
BRDA:39,10,1,17
BRDA:41,11,0,0
BRDA:41,11,1,17
BRDA:41,12,0,17
BRDA:41,12,1,17
BRDA:46,13,0,1
BRDA:46,13,1,17
BRDA:47,14,0,1
BRDA:47,14,1,0
BRDA:47,15,0,1
BRDA:47,15,1,1
BRDA:47,15,2,1
BRDA:52,16,0,1
BRDA:52,16,1,17
BRDA:53,17,0,1
BRDA:53,17,1,0
BRDA:53,18,0,1
BRDA:53,18,1,1
BRDA:53,18,2,1
BRDA:58,19,0,4
BRDA:58,19,1,14
BRDA:83,20,0,0
BRDA:83,20,1,0
BRDA:89,21,0,0
BRDA:89,21,1,0
BRDA:96,22,0,0
BRDA:96,22,1,0
BRDA:106,23,0,0
BRDA:106,23,1,0
BRDA:106,24,0,0
BRDA:106,24,1,0
BRDA:123,25,0,33
BRDA:123,25,1,0
BRF:54
BRH:32
end_of_record
TN:
SF:src/providers/BaseEmailProvider.js
FN:6,(anonymous_0)
FN:21,(anonymous_1)
FN:29,(anonymous_2)
FN:37,(anonymous_3)
FN:39,(anonymous_4)
FN:46,(anonymous_5)
FN:54,(anonymous_6)
FNF:7
FNH:5
FNDA:44,(anonymous_0)
FNDA:0,(anonymous_1)
FNDA:0,(anonymous_2)
FNDA:24,(anonymous_3)
FNDA:24,(anonymous_4)
FNDA:13,(anonymous_5)
FNDA:10,(anonymous_6)
DA:7,44
DA:8,44
DA:22,0
DA:30,0
DA:38,24
DA:39,24
DA:47,13
DA:55,10
DA:59,3
LF:9
LH:7
BRDA:6,0,0,0
BRF:1
BRH:0
end_of_record
TN:
SF:src/providers/PrimaryEmailProvider.js
FN:8,(anonymous_0)
FN:22,(anonymous_1)
FN:85,(anonymous_2)
FN:99,(anonymous_3)
FNF:4
FNH:4
FNDA:24,(anonymous_0)
FNDA:13,(anonymous_1)
FNDA:6,(anonymous_2)
FNDA:8,(anonymous_3)
DA:1,3
DA:9,24
DA:23,13
DA:24,13
DA:26,13
DA:27,1
DA:28,1
DA:29,1
DA:30,1
DA:34,12
DA:37,12
DA:39,12
DA:41,3
DA:43,3
DA:45,1
DA:46,1
DA:47,1
DA:48,1
DA:49,2
DA:51,2
DA:52,2
DA:53,2
DA:54,2
DA:55,2
DA:58,0
DA:59,0
DA:60,0
DA:61,0
DA:66,9
DA:68,9
DA:86,6
DA:87,6
DA:89,6
DA:91,0
DA:100,8
DA:110,3
LF:36
LH:31
BRDA:8,0,0,0
BRDA:26,1,0,1
BRDA:26,1,1,12
BRDA:26,2,0,13
BRDA:26,2,1,13
BRDA:26,2,2,12
BRDA:39,3,0,3
BRDA:39,3,1,9
BRDA:43,4,0,1
BRDA:43,4,1,2
BRDA:49,5,0,2
BRDA:49,5,1,0
BRF:12
BRH:10
end_of_record
TN:
SF:src/providers/ProviderFactory.js
FN:9,(anonymous_0)
FN:18,(anonymous_1)
FN:42,(anonymous_2)
FN:54,(anonymous_3)
FN:62,(anonymous_4)
FN:70,(anonymous_5)
FN:78,(anonymous_6)
FN:86,(anonymous_7)
FN:113,(anonymous_8)
FN:129,(anonymous_9)
FNF:10
FNH:10
FNDA:3,(anonymous_0)
FNDA:18,(anonymous_1)
FNDA:14,(anonymous_2)
FNDA:1,(anonymous_3)
FNDA:1,(anonymous_4)
FNDA:1,(anonymous_5)
FNDA:1,(anonymous_6)
FNDA:5,(anonymous_7)
FNDA:2,(anonymous_8)
FNDA:15,(anonymous_9)
DA:1,3
DA:2,3
DA:10,3
DA:11,3
DA:20,18
DA:27,18
DA:33,18
DA:34,18
DA:43,14
DA:44,14
DA:45,1
DA:47,13
DA:55,1
DA:63,1
DA:71,1
DA:79,1
DA:87,5
DA:89,5
DA:90,10
DA:91,10
DA:92,10
DA:98,0
DA:106,5
DA:114,2
DA:116,2
DA:117,4
DA:123,2
DA:130,15
DA:131,15
DA:136,3
LF:30
LH:29
BRDA:21,0,0,18
BRDA:21,0,1,17
BRDA:22,1,0,18
BRDA:22,1,1,17
BRDA:23,2,0,18
BRDA:23,2,1,17
BRDA:28,3,0,18
BRDA:28,3,1,17
BRDA:29,4,0,18
BRDA:29,4,1,17
BRDA:30,5,0,18
BRDA:30,5,1,17
BRDA:44,6,0,1
BRDA:44,6,1,13
BRDA:95,7,0,10
BRDA:95,7,1,0
BRDA:117,8,0,4
BRDA:117,8,1,0
BRF:18
BRH:16
end_of_record
TN:
SF:src/providers/SecondaryEmailProvider.js
FN:8,(anonymous_0)
FN:22,(anonymous_1)
FN:82,(anonymous_2)
FN:96,(anonymous_3)
FNF:4
FNH:4
FNDA:20,(anonymous_0)
FNDA:1,(anonymous_1)
FNDA:5,(anonymous_2)
FNDA:8,(anonymous_3)
DA:1,3
DA:9,20
DA:23,1
DA:26,1
DA:27,0
DA:31,1
DA:34,1
DA:36,1
DA:38,0
DA:40,0
DA:42,0
DA:43,0
DA:44,0
DA:45,0
DA:46,0
DA:48,0
DA:49,0
DA:50,0
DA:51,0
DA:52,0
DA:55,0
DA:56,0
DA:57,0
DA:58,0
DA:63,1
DA:65,1
DA:83,5
DA:84,5
DA:86,5
DA:88,0
DA:97,8
DA:108,3
LF:32
LH:14
BRDA:8,0,0,0
BRDA:26,1,0,0
BRDA:26,1,1,1
BRDA:26,2,0,1
BRDA:26,2,1,1
BRDA:26,2,2,1
BRDA:36,3,0,0
BRDA:36,3,1,1
BRDA:40,4,0,0
BRDA:40,4,1,0
BRDA:46,5,0,0
BRDA:46,5,1,0
BRF:12
BRH:5
end_of_record
TN:
SF:src/routes/emailRoutes.js
FN:13,(anonymous_0)
FN:59,(anonymous_1)
FN:100,(anonymous_2)
FN:176,(anonymous_3)
FN:236,(anonymous_4)
FNF:5
FNH:3
FNDA:14,(anonymous_0)
FNDA:2,(anonymous_1)
FNDA:4,(anonymous_2)
FNDA:0,(anonymous_3)
FNDA:0,(anonymous_4)
DA:1,1
DA:2,1
DA:3,1
DA:4,1
DA:6,1
DA:7,1
DA:13,1
DA:14,14
DA:15,14
DA:17,14
DA:23,14
DA:33,14
DA:34,14
DA:35,14
DA:37,0
DA:41,0
DA:46,0
DA:59,1
DA:60,2
DA:61,2
DA:63,2
DA:64,0
DA:70,2
DA:72,2
DA:73,1
DA:80,1
DA:83,0
DA:88,0
DA:100,1
DA:101,4
DA:102,4
DA:104,4
DA:105,1
DA:111,3
DA:112,1
DA:118,2
DA:119,2
DA:121,2
DA:122,4
DA:124,4
DA:126,4
DA:127,0
DA:131,0
DA:134,4
DA:135,3
DA:142,1
DA:150,2
DA:158,2
DA:159,2
DA:162,0
DA:164,0
DA:176,1
DA:177,0
DA:178,0
DA:179,0
DA:182,0
DA:184,0
DA:185,0
DA:193,0
DA:194,0
DA:202,0
DA:205,0
DA:212,0
DA:219,0
DA:224,0
DA:236,1
DA:237,0
DA:238,0
DA:240,0
DA:246,0
DA:248,0
DA:255,1
LF:72
LH:44
BRDA:33,0,0,14
BRDA:33,0,1,0
BRDA:34,1,0,14
BRDA:34,1,1,0
BRDA:63,2,0,0
BRDA:63,2,1,2
BRDA:72,3,0,1
BRDA:72,3,1,1
BRDA:104,4,0,1
BRDA:104,4,1,3
BRDA:104,5,0,4
BRDA:104,5,1,4
BRDA:111,6,0,1
BRDA:111,6,1,2
BRDA:126,7,0,0
BRDA:126,7,1,4
BRDA:126,8,0,4
BRDA:126,8,1,4
BRDA:126,8,2,4
BRDA:126,8,3,4
BRDA:155,9,0,1
BRDA:155,9,1,1
BRDA:158,10,0,1
BRDA:158,10,1,1
BRDA:179,11,0,0
BRDA:184,12,0,0
BRDA:184,12,1,0
BRDA:193,13,0,0
BRDA:193,13,1,0
BRDA:193,14,0,0
BRDA:193,14,1,0
BRF:31
BRH:20
end_of_record
TN:
SF:src/services/CircuitBreaker.js
FN:9,(anonymous_0)
FN:36,(anonymous_1)
FN:64,(anonymous_2)
FN:89,(anonymous_3)
FN:122,(anonymous_4)
FN:156,(anonymous_5)
FN:171,(anonymous_6)
FN:179,(anonymous_7)
FN:188,(anonymous_8)
FN:204,(anonymous_9)
FN:218,(anonymous_10)
FN:228,(anonymous_11)
FN:239,(anonymous_12)
FN:250,(anonymous_13)
FN:260,(anonymous_14)
FNF:15
FNH:13
FNDA:9,(anonymous_0)
FNDA:22,(anonymous_1)
FNDA:10,(anonymous_2)
FNDA:11,(anonymous_3)
FNDA:8,(anonymous_4)
FNDA:6,(anonymous_5)
FNDA:3,(anonymous_6)
FNDA:1,(anonymous_7)
FNDA:0,(anonymous_8)
FNDA:0,(anonymous_9)
FNDA:2,(anonymous_10)
FNDA:10,(anonymous_11)
FNDA:4,(anonymous_12)
FNDA:1,(anonymous_13)
FNDA:21,(anonymous_14)
DA:1,2
DA:10,9
DA:11,9
DA:18,9
DA:19,9
DA:20,9
DA:21,9
DA:22,9
DA:24,9
DA:38,22
DA:39,2
DA:40,1
DA:41,1
DA:42,1
DA:43,1
DA:46,1
DA:50,21
DA:51,21
DA:52,10
DA:53,10
DA:55,11
DA:56,11
DA:65,10
DA:66,1
DA:68,1
DA:69,0
DA:71,9
DA:73,9
DA:76,10
DA:90,11
DA:91,11
DA:94,11
DA:95,0
DA:99,0
DA:102,11
DA:104,0
DA:105,11
DA:106,3
DA:109,11
DA:123,8
DA:124,8
DA:126,8
DA:128,3
DA:129,3
DA:130,3
DA:131,3
DA:134,4
DA:135,4
DA:136,4
DA:139,1
DA:140,1
DA:143,8
DA:144,6
DA:157,6
DA:172,3
DA:173,3
DA:180,1
DA:181,1
DA:189,0
DA:190,0
DA:193,0
DA:194,0
DA:197,0
DA:205,0
DA:206,0
DA:207,0
DA:209,0
DA:219,2
DA:229,10
DA:230,4
DA:232,10
DA:240,4
DA:241,4
DA:242,3
DA:244,4
DA:251,1
DA:252,1
DA:254,1
DA:261,21
DA:262,21
DA:267,2
LF:81
LH:68
BRDA:9,0,0,0
BRDA:12,1,0,9
BRDA:12,1,1,8
BRDA:13,2,0,9
BRDA:13,2,1,8
BRDA:14,3,0,9
BRDA:14,3,1,8
BRDA:38,4,0,2
BRDA:38,4,1,20
BRDA:39,5,0,1
BRDA:39,5,1,1
BRDA:65,6,0,1
BRDA:65,6,1,9
BRDA:68,7,0,0
BRDA:68,7,1,1
BRDA:71,8,0,9
BRDA:71,8,1,0
BRDA:94,9,0,0
BRDA:94,9,1,11
BRDA:102,10,0,0
BRDA:102,10,1,11
BRDA:105,11,0,3
BRDA:105,11,1,8
BRDA:105,12,0,11
BRDA:105,12,1,11
BRDA:126,13,0,3
BRDA:126,13,1,4
BRDA:126,13,2,1
BRDA:143,14,0,6
BRDA:143,14,1,2
BRDA:147,15,0,5
BRDA:147,15,1,1
BRDA:162,16,0,4
BRDA:162,16,1,2
BRDA:163,17,0,2
BRDA:163,17,1,4
BRDA:189,18,0,0
BRDA:189,18,1,0
BRDA:189,19,0,0
BRDA:189,19,1,0
BRDA:193,20,0,0
BRDA:193,20,1,0
BRDA:205,21,0,0
BRDA:205,21,1,0
BRDA:205,22,0,0
BRDA:205,22,1,0
BRDA:207,23,0,0
BRDA:207,23,1,0
BRDA:228,24,0,10
BRDA:229,25,0,4
BRDA:229,25,1,6
BRF:51
BRH:34
end_of_record
TN:
SF:src/services/EmailQueue.js
FN:8,(anonymous_0)
FN:38,(anonymous_1)
FN:78,(anonymous_2)
FN:98,(anonymous_3)
FN:126,(anonymous_4)
FN:137,(anonymous_5)
FN:145,(anonymous_6)
FN:153,(anonymous_7)
FN:172,(anonymous_8)
FN:190,(anonymous_9)
FN:193,(anonymous_10)
FN:212,(anonymous_11)
FN:225,(anonymous_12)
FN:228,(anonymous_13)
FN:229,(anonymous_14)
FN:251,(anonymous_15)
FN:324,(anonymous_16)
FN:331,(anonymous_17)
FN:337,(anonymous_18)
FN:343,(anonymous_19)
FN:355,(anonymous_20)
FN:371,(anonymous_21)
FN:377,(anonymous_22)
FN:382,(anonymous_23)
FN:396,(anonymous_24)
FN:403,(anonymous_25)
FN:414,(anonymous_26)
FN:422,(anonymous_27)
FN:431,(anonymous_28)
FN:432,(anonymous_29)
FN:441,(anonymous_30)
FNF:31
FNH:21
FNDA:12,(anonymous_0)
FNDA:23,(anonymous_1)
FNDA:24,(anonymous_2)
FNDA:25,(anonymous_3)
FNDA:3,(anonymous_4)
FNDA:6,(anonymous_5)
FNDA:16,(anonymous_6)
FNDA:11,(anonymous_7)
FNDA:16,(anonymous_8)
FNDA:8,(anonymous_9)
FNDA:0,(anonymous_10)
FNDA:8,(anonymous_11)
FNDA:9,(anonymous_12)
FNDA:9,(anonymous_13)
FNDA:0,(anonymous_14)
FNDA:9,(anonymous_15)
FNDA:3,(anonymous_16)
FNDA:3,(anonymous_17)
FNDA:2,(anonymous_18)
FNDA:0,(anonymous_19)
FNDA:5,(anonymous_20)
FNDA:0,(anonymous_21)
FNDA:0,(anonymous_22)
FNDA:0,(anonymous_23)
FNDA:23,(anonymous_24)
FNDA:5,(anonymous_25)
FNDA:0,(anonymous_26)
FNDA:0,(anonymous_27)
FNDA:12,(anonymous_28)
FNDA:0,(anonymous_29)
FNDA:0,(anonymous_30)
DA:1,2
DA:9,12
DA:19,12
DA:20,12
DA:21,12
DA:22,12
DA:23,12
DA:24,12
DA:26,12
DA:29,12
DA:39,23
DA:51,23
DA:52,0
DA:56,23
DA:58,23
DA:66,23
DA:67,3
DA:70,23
DA:79,24
DA:80,24
DA:81,62
DA:82,1
DA:83,1
DA:84,1
DA:88,24
DA:89,23
DA:99,25
DA:102,25
DA:103,25
DA:105,25
DA:106,27
DA:109,27
DA:110,10
DA:111,10
DA:115,25
DA:116,10
DA:119,15
DA:127,3
DA:129,3
DA:130,3
DA:138,6
DA:139,0
DA:142,6
DA:143,6
DA:145,6
DA:146,16
DA:154,11
DA:155,6
DA:158,5
DA:160,5
DA:161,5
DA:162,5
DA:165,5
DA:173,16
DA:174,0
DA:178,16
DA:179,24
DA:181,24
DA:182,15
DA:185,9
DA:186,9
DA:189,9
DA:195,0
DA:201,0
DA:202,0
DA:203,0
DA:204,0
DA:209,0
DA:214,8
DA:215,8
DA:226,9
DA:228,9
DA:229,9
DA:230,0
DA:234,9
DA:236,9
DA:242,0
DA:252,9
DA:253,9
DA:254,9
DA:256,9
DA:262,9
DA:263,9
DA:266,7
DA:267,7
DA:268,7
DA:270,7
DA:272,7
DA:278,1
DA:285,1
DA:287,1
DA:288,1
DA:290,1
DA:292,1
DA:300,0
DA:301,0
DA:302,0
DA:308,0
DA:310,0
DA:326,3
DA:327,0
DA:331,3
DA:332,3
DA:333,1
DA:337,2
DA:338,2
DA:339,2
DA:343,0
DA:344,0
DA:345,0
DA:348,0
DA:356,5
DA:372,0
DA:373,0
DA:376,0
DA:377,0
DA:381,0
DA:382,0
DA:385,0
DA:397,23
DA:404,5
DA:405,5
DA:406,5
DA:407,5
DA:408,5
DA:415,0
DA:416,0
DA:423,0
DA:424,0
DA:432,12
DA:433,0
DA:442,0
DA:443,0
DA:446,0
DA:447,0
DA:448,0
DA:450,0
DA:451,0
DA:452,0
DA:458,0
DA:459,0
DA:465,2
LF:142
LH:99
BRDA:8,0,0,7
BRDA:10,1,0,12
BRDA:10,1,1,11
BRDA:11,2,0,12
BRDA:11,2,1,11
BRDA:12,3,0,12
BRDA:12,3,1,11
BRDA:13,4,0,12
BRDA:13,4,1,11
BRDA:14,5,0,12
BRDA:14,5,1,12
BRDA:15,6,0,12
BRDA:15,6,1,12
BRDA:38,7,0,21
BRDA:46,8,0,23
BRDA:46,8,1,21
BRDA:46,8,2,21
BRDA:47,9,0,23
BRDA:47,9,1,23
BRDA:47,9,2,23
BRDA:51,10,0,0
BRDA:51,10,1,23
BRDA:66,11,0,3
BRDA:66,11,1,20
BRDA:81,12,0,1
BRDA:81,12,1,61
BRDA:88,13,0,23
BRDA:88,13,1,1
BRDA:109,14,0,10
BRDA:109,14,1,17
BRDA:109,15,0,27
BRDA:109,15,1,2
BRDA:109,15,2,26
BRDA:115,16,0,10
BRDA:115,16,1,15
BRDA:129,17,0,3
BRDA:129,17,1,0
BRDA:138,18,0,0
BRDA:138,18,1,6
BRDA:154,19,0,6
BRDA:154,19,1,5
BRDA:160,20,0,5
BRDA:160,20,1,0
BRDA:173,21,0,0
BRDA:173,21,1,16
BRDA:181,22,0,15
BRDA:181,22,1,9
BRDA:201,23,0,0
BRDA:201,23,1,0
BRDA:205,24,0,0
BRDA:205,24,1,0
BRDA:285,25,0,1
BRDA:285,25,1,0
BRDA:285,26,0,1
BRDA:285,26,1,1
BRDA:326,27,0,0
BRDA:326,27,1,3
BRDA:332,28,0,1
BRDA:332,28,1,2
BRDA:338,29,0,2
BRDA:338,29,1,0
BRDA:344,30,0,0
BRDA:344,30,1,0
BRDA:371,31,0,0
BRDA:372,32,0,0
BRDA:372,33,0,0
BRDA:447,34,0,0
BRDA:447,34,1,0
BRDA:447,35,0,0
BRDA:447,35,1,0
BRF:70
BRH:49
end_of_record
TN:
SF:src/services/EmailService.js
FN:13,(anonymous_0)
FN:43,(anonymous_1)
FN:134,(anonymous_2)
FN:159,(anonymous_3)
FN:253,(anonymous_4)
FN:360,(anonymous_5)
FN:447,(anonymous_6)
FN:470,(anonymous_7)
FN:479,(anonymous_8)
FN:509,(anonymous_9)
FN:510,(anonymous_10)
FN:517,(anonymous_11)
FN:524,(anonymous_12)
FN:532,(anonymous_13)
FN:544,(anonymous_14)
FNF:15
FNH:12
FNDA:7,(anonymous_0)
FNDA:23,(anonymous_1)
FNDA:6,(anonymous_2)
FNDA:9,(anonymous_3)
FNDA:9,(anonymous_4)
FNDA:4,(anonymous_5)
FNDA:2,(anonymous_6)
FNDA:0,(anonymous_7)
FNDA:23,(anonymous_8)
FNDA:2,(anonymous_9)
FNDA:2,(anonymous_10)
FNDA:1,(anonymous_11)
FNDA:0,(anonymous_12)
FNDA:6,(anonymous_13)
FNDA:0,(anonymous_14)
DA:1,2
DA:2,2
DA:3,2
DA:4,2
DA:5,2
DA:6,2
DA:14,7
DA:26,7
DA:27,7
DA:30,7
DA:31,1
DA:34,7
DA:51,23
DA:54,23
DA:57,21
DA:58,21
DA:59,2
DA:60,0
DA:68,2
DA:69,2
DA:73,19
DA:79,19
DA:82,19
DA:84,16
DA:93,16
DA:102,3
DA:106,19
DA:107,19
DA:110,0
DA:115,0
DA:123,0
DA:124,0
DA:135,6
DA:137,6
DA:139,6
DA:140,6
DA:143,5
DA:145,5
DA:148,0
DA:149,0
DA:160,9
DA:161,9
DA:164,9
DA:165,9
DA:166,9
DA:171,9
DA:173,8
DA:179,8
DA:189,0
DA:191,0
DA:193,0
DA:205,0
DA:206,0
DA:212,0
DA:216,0
DA:217,0
DA:218,0
DA:226,0
DA:227,0
DA:236,0
DA:243,0
DA:254,9
DA:255,9
DA:258,9
DA:259,9
DA:260,9
DA:264,9
DA:265,9
DA:267,9
DA:268,10
DA:271,10
DA:272,10
DA:275,10
DA:283,0
DA:286,10
DA:287,10
DA:296,10
DA:298,10
DA:304,0
DA:307,8
DA:310,2
DA:322,2
DA:324,0
DA:331,0
DA:335,2
DA:336,2
DA:338,2
DA:348,2
DA:349,1
DA:361,4
DA:363,4
DA:364,2
DA:371,2
DA:372,2
DA:373,2
DA:374,2
DA:375,2
DA:376,2
DA:379,2
DA:380,1
DA:381,1
DA:383,1
DA:384,1
DA:386,1
DA:387,0
DA:388,0
DA:389,0
DA:390,1
DA:391,0
DA:392,0
DA:396,1
DA:397,0
DA:398,1
DA:399,0
DA:403,1
DA:404,0
DA:409,1
DA:410,1
DA:411,1
DA:412,1
DA:413,1
DA:415,0
DA:416,0
DA:417,0
DA:425,2
DA:436,2
DA:437,2
DA:438,2
DA:440,2
DA:448,2
DA:449,2
DA:450,2
DA:451,2
DA:452,2
DA:454,2
DA:471,0
DA:480,23
DA:481,1
DA:484,22
DA:485,0
DA:488,22
DA:489,0
DA:492,22
DA:493,0
DA:497,22
DA:498,22
DA:499,1
DA:510,2
DA:518,1
DA:525,0
DA:526,0
DA:533,6
DA:534,6
DA:546,0
DA:554,0
DA:562,0
DA:563,0
DA:567,0
DA:568,0
DA:573,0
DA:577,2
LF:161
LH:113
BRDA:13,0,0,1
BRDA:15,1,0,7
BRDA:15,1,1,6
BRDA:16,2,0,7
BRDA:16,2,1,6
BRDA:17,3,0,7
BRDA:17,3,1,6
BRDA:18,4,0,7
BRDA:18,4,1,6
BRDA:30,5,0,1
BRDA:30,5,1,6
BRDA:43,6,0,23
BRDA:49,7,0,23
BRDA:50,8,0,23
BRDA:58,9,0,2
BRDA:58,9,1,19
BRDA:59,10,0,0
BRDA:59,10,1,2
BRDA:82,11,0,16
BRDA:82,11,1,3
BRDA:205,12,0,0
BRDA:205,12,1,0
BRDA:205,13,0,0
BRDA:205,13,1,0
BRDA:216,14,0,0
BRDA:216,14,1,0
BRDA:243,15,0,0
BRDA:243,15,1,0
BRDA:259,16,0,9
BRDA:259,16,1,0
BRDA:296,17,0,10
BRDA:296,17,1,0
BRDA:318,18,0,2
BRDA:318,18,1,2
BRDA:322,19,0,0
BRDA:322,19,1,2
BRDA:322,20,0,2
BRDA:322,20,1,2
BRDA:335,21,0,2
BRDA:335,21,1,0
BRDA:336,22,0,1
BRDA:336,22,1,1
BRDA:363,23,0,2
BRDA:363,23,1,2
BRDA:375,24,0,2
BRDA:375,24,1,2
BRDA:379,25,0,1
BRDA:379,25,1,1
BRDA:379,26,0,2
BRDA:379,26,1,2
BRDA:381,27,0,1
BRDA:381,27,1,0
BRDA:384,28,0,1
BRDA:384,28,1,1
BRDA:386,29,0,0
BRDA:386,29,1,1
BRDA:386,30,0,1
BRDA:386,30,1,0
BRDA:390,31,0,0
BRDA:390,31,1,1
BRDA:390,32,0,1
BRDA:390,32,1,0
BRDA:396,33,0,0
BRDA:396,33,1,1
BRDA:398,34,0,0
BRDA:398,34,1,1
BRDA:403,35,0,0
BRDA:403,35,1,1
BRDA:409,36,0,1
BRDA:409,36,1,0
BRDA:409,37,0,1
BRDA:409,37,1,1
BRDA:410,38,0,1
BRDA:410,38,1,0
BRDA:415,39,0,0
BRDA:415,39,1,0
BRDA:415,40,0,0
BRDA:415,40,1,0
BRDA:415,40,2,0
BRDA:436,41,0,1
BRDA:436,41,1,1
BRDA:437,42,0,1
BRDA:437,42,1,1
BRDA:438,43,0,0
BRDA:438,43,1,2
BRDA:480,44,0,1
BRDA:480,44,1,22
BRDA:484,45,0,0
BRDA:484,45,1,22
BRDA:488,46,0,0
BRDA:488,46,1,22
BRDA:492,47,0,0
BRDA:492,47,1,22
BRDA:498,48,0,1
BRDA:498,48,1,21
BRDA:562,49,0,0
BRDA:562,49,1,0
BRDA:567,50,0,0
BRDA:567,50,1,0
BRF:99
BRH:63
end_of_record
TN:
SF:src/services/EmailServiceInstance.js
FN:10,getEmailServiceInstance
FN:20,(anonymous_1)
FNF:2
FNH:1
FNDA:2,getEmailServiceInstance
FNDA:0,(anonymous_1)
DA:1,1
DA:8,1
DA:11,2
DA:12,1
DA:14,2
DA:17,1
DA:21,0
DA:22,0
DA:23,0
LF:9
LH:6
BRDA:11,0,0,1
BRDA:11,0,1,1
BRDA:21,1,0,0
BRDA:21,1,1,0
BRF:4
BRH:2
end_of_record
TN:
SF:src/services/RateLimiter.js
FN:9,(anonymous_0)
FN:32,(anonymous_1)
FN:41,(anonymous_2)
FN:101,(anonymous_3)
FN:108,(anonymous_4)
FN:116,(anonymous_5)
FN:117,(anonymous_6)
FN:145,(anonymous_7)
FN:157,(anonymous_8)
FN:166,(anonymous_9)
FN:190,(anonymous_10)
FN:214,(anonymous_11)
FN:218,(anonymous_12)
FN:228,(anonymous_13)
FNF:14
FNH:10
FNDA:12,(anonymous_0)
FNDA:38,(anonymous_1)
FNDA:38,(anonymous_2)
FNDA:38,(anonymous_3)
FNDA:5,(anonymous_4)
FNDA:1,(anonymous_5)
FNDA:14,(anonymous_6)
FNDA:0,(anonymous_7)
FNDA:0,(anonymous_8)
FNDA:3,(anonymous_9)
FNDA:0,(anonymous_10)
FNDA:12,(anonymous_11)
FNDA:0,(anonymous_12)
FNDA:5,(anonymous_13)
DA:1,2
DA:10,12
DA:21,12
DA:24,12
DA:33,38
DA:42,38
DA:43,38
DA:46,38
DA:48,38
DA:49,7
DA:54,7
DA:58,38
DA:61,38
DA:62,37
DA:63,37
DA:65,37
DA:72,37
DA:78,37
DA:81,1
DA:83,1
DA:90,1
DA:92,1
DA:102,38
DA:104,38
DA:106,1
DA:107,1
DA:108,5
DA:117,1
DA:118,14
DA:121,14
DA:127,14
DA:128,0
DA:133,0
DA:136,14
DA:146,0
DA:150,0
DA:158,0
DA:159,0
DA:167,3
DA:176,3
DA:177,2
DA:184,3
DA:191,0
DA:192,0
DA:194,0
DA:195,0
DA:198,0
DA:199,0
DA:200,0
DA:204,0
DA:205,0
DA:208,0
DA:216,12
DA:218,12
DA:219,0
DA:222,12
DA:229,5
DA:230,5
DA:234,2
LF:59
LH:42
BRDA:9,0,0,7
BRDA:11,1,0,12
BRDA:11,1,1,11
BRDA:12,2,0,12
BRDA:12,2,1,11
BRDA:13,3,0,12
BRDA:13,3,1,12
BRDA:14,4,0,12
BRDA:14,4,1,12
BRDA:15,5,0,12
BRDA:15,5,1,12
BRDA:33,6,0,38
BRDA:33,6,1,0
BRDA:33,6,2,0
BRDA:48,7,0,7
BRDA:48,7,1,31
BRDA:61,8,0,37
BRDA:61,8,1,1
BRDA:104,9,0,1
BRDA:104,9,1,37
BRDA:127,10,0,0
BRDA:127,10,1,14
BRDA:198,11,0,0
BRDA:198,11,1,0
BRDA:204,12,0,0
BRDA:204,12,1,0
BRDA:216,13,0,12
BRDA:216,13,1,11
BRF:28
BRH:21
end_of_record
TN:
SF:src/utils/IdempotencyManager.js
FN:9,(anonymous_0)
FN:24,(anonymous_1)
FN:57,(anonymous_2)
FN:84,(anonymous_3)
FN:98,(anonymous_4)
FN:110,(anonymous_5)
FN:126,(anonymous_6)
FN:150,(anonymous_7)
FN:162,(anonymous_8)
FN:174,(anonymous_9)
FN:188,(anonymous_10)
FN:209,(anonymous_11)
FN:213,(anonymous_12)
FN:223,(anonymous_13)
FN:232,(anonymous_14)
FN:241,(anonymous_15)
FNF:16
FNH:11
FNDA:2,(anonymous_0)
FNDA:45,(anonymous_1)
FNDA:43,(anonymous_2)
FNDA:19,(anonymous_3)
FNDA:24,(anonymous_4)
FNDA:0,(anonymous_5)
FNDA:10,(anonymous_6)
FNDA:0,(anonymous_7)
FNDA:2,(anonymous_8)
FNDA:6,(anonymous_9)
FNDA:0,(anonymous_10)
FNDA:2,(anonymous_11)
FNDA:0,(anonymous_12)
FNDA:21,(anonymous_13)
FNDA:0,(anonymous_14)
FNDA:10,(anonymous_15)
DA:1,2
DA:12,2
DA:13,2
DA:16,2
DA:25,45
DA:26,0
DA:29,45
DA:31,45
DA:32,21
DA:36,24
DA:37,0
DA:38,0
DA:39,0
DA:42,24
DA:48,24
DA:58,43
DA:59,0
DA:62,43
DA:70,43
DA:72,43
DA:85,19
DA:99,24
DA:111,0
DA:127,10
DA:128,10
DA:129,0
DA:132,10
DA:141,10
DA:143,10
DA:151,0
DA:152,0
DA:153,0
DA:155,0
DA:163,2
DA:164,2
DA:166,2
DA:174,2
DA:175,6
DA:176,0
DA:178,6
DA:182,2
DA:189,0
DA:190,0
DA:192,0
DA:193,0
DA:194,0
DA:195,0
DA:199,0
DA:200,0
DA:203,0
DA:211,2
DA:213,2
DA:214,0
DA:217,2
DA:224,21
DA:225,21
DA:233,0
DA:242,10
DA:243,10
DA:244,0
DA:248,10
DA:249,10
DA:251,10
DA:261,10
DA:263,10
DA:269,10
DA:274,2
LF:67
LH:43
BRDA:13,0,0,2
BRDA:13,0,1,1
BRDA:25,1,0,0
BRDA:25,1,1,45
BRDA:31,2,0,21
BRDA:31,2,1,24
BRDA:36,3,0,0
BRDA:36,3,1,24
BRDA:57,4,0,0
BRDA:58,5,0,0
BRDA:58,5,1,43
BRDA:84,6,0,0
BRDA:128,7,0,0
BRDA:128,7,1,10
BRDA:152,8,0,0
BRDA:152,8,1,0
BRDA:175,9,0,0
BRDA:175,9,1,6
BRDA:193,10,0,0
BRDA:193,10,1,0
BRDA:199,11,0,0
BRDA:199,11,1,0
BRDA:211,12,0,2
BRDA:211,12,1,1
BRDA:243,13,0,0
BRDA:243,13,1,10
BRDA:248,14,0,10
BRDA:248,14,1,9
BRDA:248,14,2,9
BRF:29
BRH:15
end_of_record
TN:
SF:src/utils/Logger.js
FN:6,(anonymous_0)
FN:21,(anonymous_1)
FN:32,(anonymous_2)
FN:43,(anonymous_3)
FN:54,(anonymous_4)
FN:65,(anonymous_5)
FN:76,(anonymous_6)
FN:87,(anonymous_7)
FN:93,(anonymous_8)
FN:107,(anonymous_9)
FN:122,(anonymous_10)
FN:137,(anonymous_11)
FN:151,(anonymous_12)
FNF:13
FNH:9
FNDA:2,(anonymous_0)
FNDA:366,(anonymous_1)
FNDA:104,(anonymous_2)
FNDA:3,(anonymous_3)
FNDA:8,(anonymous_4)
FNDA:93,(anonymous_5)
FNDA:262,(anonymous_6)
FNDA:0,(anonymous_7)
FNDA:0,(anonymous_8)
FNDA:0,(anonymous_9)
FNDA:0,(anonymous_10)
FNDA:1,(anonymous_11)
FNDA:6,(anonymous_12)
DA:7,2
DA:8,2
DA:22,366
DA:33,104
DA:34,104
DA:35,104
DA:44,3
DA:45,3
DA:55,8
DA:56,8
DA:66,93
DA:67,93
DA:77,262
DA:78,0
DA:88,0
DA:89,0
DA:92,0
DA:93,0
DA:94,0
DA:97,0
DA:108,0
DA:123,0
DA:124,0
DA:138,1
DA:152,6
DA:161,2
LF:26
LH:16
BRDA:7,0,0,2
BRDA:7,0,1,1
BRDA:32,1,0,0
BRDA:34,2,0,85
BRDA:34,2,1,19
BRDA:43,3,0,0
BRDA:44,4,0,3
BRDA:44,4,1,0
BRDA:54,5,0,0
BRDA:55,6,0,8
BRDA:55,6,1,0
BRDA:65,7,0,19
BRDA:66,8,0,93
BRDA:66,8,1,0
BRDA:76,9,0,52
BRDA:77,10,0,0
BRDA:77,10,1,262
BRDA:87,11,0,0
BRDA:93,12,0,0
BRDA:107,13,0,0
BRDA:122,14,0,0
BRDA:123,15,0,0
BRDA:123,15,1,0
BRDA:151,16,0,0
BRF:24
BRH:10
end_of_record
